2025-01-14T00:47:01.947+0100 INFO               [main]                         be.pxl.services.ReviewServiceApp - Starting ReviewServiceApp using Java 21.0.2 with PID 13848 (C:\School\PXL\2024-2025\Fullstack Java\Opdracht\Code\project-WesleyKissenPXL\backend-java\NewsPostsSystem\review-service\target\classes started by wesle in C:\School\PXL\2024-2025\Fullstack Java\Opdracht\Code\project-WesleyKissenPXL\backend-java\NewsPostsSystem)
2025-01-14T00:47:01.949+0100 DEBUG              [main]                         be.pxl.services.ReviewServiceApp - Running with Spring Boot v3.3.5, Spring v6.1.14
2025-01-14T00:47:01.950+0100 INFO               [main]                         be.pxl.services.ReviewServiceApp - No active profile set, falling back to 1 default profile: "default"
2025-01-14T00:51:54.698+0100 INFO               [main]                         be.pxl.services.ReviewServiceApp - Starting ReviewServiceApp using Java 21.0.2 with PID 10328 (C:\School\PXL\2024-2025\Fullstack Java\Opdracht\Code\project-WesleyKissenPXL\backend-java\NewsPostsSystem\review-service\target\classes started by wesle in C:\School\PXL\2024-2025\Fullstack Java\Opdracht\Code\project-WesleyKissenPXL\backend-java\NewsPostsSystem)
2025-01-14T00:51:54.699+0100 DEBUG              [main]                         be.pxl.services.ReviewServiceApp - Running with Spring Boot v3.3.5, Spring v6.1.14
2025-01-14T00:51:54.699+0100 INFO               [main]                         be.pxl.services.ReviewServiceApp - No active profile set, falling back to 1 default profile: "default"
2025-01-14T00:57:26.677+0100 INFO               [main]                         be.pxl.services.PostServiceApp - Starting PostServiceApp using Java 21.0.2 with PID 34040 (C:\School\PXL\2024-2025\Fullstack Java\Opdracht\Code\project-WesleyKissenPXL\backend-java\NewsPostsSystem\post-service\target\classes started by wesle in C:\School\PXL\2024-2025\Fullstack Java\Opdracht\Code\project-WesleyKissenPXL\backend-java\NewsPostsSystem)
2025-01-14T00:57:26.678+0100 INFO               [main]                         be.pxl.services.PostServiceApp - No active profile set, falling back to 1 default profile: "default"
2025-01-14T00:59:49.727+0100 INFO               [main]                         be.pxl.services.PostServiceApp - Starting PostServiceApp using Java 21.0.2 with PID 31176 (C:\School\PXL\2024-2025\Fullstack Java\Opdracht\Code\project-WesleyKissenPXL\backend-java\NewsPostsSystem\post-service\target\classes started by wesle in C:\School\PXL\2024-2025\Fullstack Java\Opdracht\Code\project-WesleyKissenPXL\backend-java\NewsPostsSystem)
2025-01-14T00:59:49.730+0100 INFO               [main]                         be.pxl.services.PostServiceApp - No active profile set, falling back to 1 default profile: "default"
2025-01-14T01:05:08.754+0100 INFO               [main]                         be.pxl.services.PostServiceApp - Starting PostServiceApp using Java 21.0.2 with PID 5520 (C:\School\PXL\2024-2025\Fullstack Java\Opdracht\Code\project-WesleyKissenPXL\backend-java\NewsPostsSystem\post-service\target\classes started by wesle in C:\School\PXL\2024-2025\Fullstack Java\Opdracht\Code\project-WesleyKissenPXL\backend-java\NewsPostsSystem)
2025-01-14T01:05:08.756+0100 INFO               [main]                         be.pxl.services.PostServiceApp - No active profile set, falling back to 1 default profile: "default"
2025-01-14T01:05:26.118+0100 INFO               [main]                         be.pxl.services.ReviewServiceApp - Starting ReviewServiceApp using Java 21.0.2 with PID 33808 (C:\School\PXL\2024-2025\Fullstack Java\Opdracht\Code\project-WesleyKissenPXL\backend-java\NewsPostsSystem\review-service\target\classes started by wesle in C:\School\PXL\2024-2025\Fullstack Java\Opdracht\Code\project-WesleyKissenPXL\backend-java\NewsPostsSystem)
2025-01-14T01:05:26.120+0100 DEBUG              [main]                         be.pxl.services.ReviewServiceApp - Running with Spring Boot v3.3.5, Spring v6.1.14
2025-01-14T01:05:26.121+0100 INFO               [main]                         be.pxl.services.ReviewServiceApp - No active profile set, falling back to 1 default profile: "default"
2025-01-14T01:08:59.379+0100 INFO               [main]                         be.pxl.services.ReviewServiceApp - Starting ReviewServiceApp using Java 21.0.2 with PID 32208 (C:\School\PXL\2024-2025\Fullstack Java\Opdracht\Code\project-WesleyKissenPXL\backend-java\NewsPostsSystem\review-service\target\classes started by wesle in C:\School\PXL\2024-2025\Fullstack Java\Opdracht\Code\project-WesleyKissenPXL\backend-java\NewsPostsSystem)
2025-01-14T01:08:59.380+0100 DEBUG              [main]                         be.pxl.services.ReviewServiceApp - Running with Spring Boot v3.3.5, Spring v6.1.14
2025-01-14T01:08:59.380+0100 INFO               [main]                         be.pxl.services.ReviewServiceApp - No active profile set, falling back to 1 default profile: "default"
2025-01-14T01:11:19.730+0100 INFO               [main]                         be.pxl.services.CommentServiceApp - Starting CommentServiceApp using Java 21.0.2 with PID 1848 (C:\School\PXL\2024-2025\Fullstack Java\Opdracht\Code\project-WesleyKissenPXL\backend-java\NewsPostsSystem\comment-service\target\classes started by wesle in C:\School\PXL\2024-2025\Fullstack Java\Opdracht\Code\project-WesleyKissenPXL\backend-java\NewsPostsSystem)
2025-01-14T01:11:19.731+0100 DEBUG              [main]                         be.pxl.services.CommentServiceApp - Running with Spring Boot v3.3.5, Spring v6.1.14
2025-01-14T01:11:19.731+0100 INFO               [main]                         be.pxl.services.CommentServiceApp - No active profile set, falling back to 1 default profile: "default"
2025-01-14T01:14:08.362+0100 INFO               [main]                         be.pxl.services.CommentServiceApp - Starting CommentServiceApp using Java 21.0.2 with PID 4728 (C:\School\PXL\2024-2025\Fullstack Java\Opdracht\Code\project-WesleyKissenPXL\backend-java\NewsPostsSystem\comment-service\target\classes started by wesle in C:\School\PXL\2024-2025\Fullstack Java\Opdracht\Code\project-WesleyKissenPXL\backend-java\NewsPostsSystem)
2025-01-14T01:14:08.364+0100 DEBUG              [main]                         be.pxl.services.CommentServiceApp - Running with Spring Boot v3.3.5, Spring v6.1.14
2025-01-14T01:14:08.365+0100 INFO               [main]                         be.pxl.services.CommentServiceApp - No active profile set, falling back to 1 default profile: "default"
2025-01-14T01:14:12.250+0100 INFO               [main]                         be.pxl.services.CommentServiceApp - Started CommentServiceApp in 4.871 seconds (process running for 5.529)
2025-01-14T01:15:28.460+0100 INFO               [main]                         be.pxl.services.ReviewServiceApp - Starting ReviewServiceApp using Java 21.0.2 with PID 29720 (C:\School\PXL\2024-2025\Fullstack Java\Opdracht\Code\project-WesleyKissenPXL\backend-java\NewsPostsSystem\review-service\target\classes started by wesle in C:\School\PXL\2024-2025\Fullstack Java\Opdracht\Code\project-WesleyKissenPXL\backend-java\NewsPostsSystem)
2025-01-14T01:15:28.462+0100 DEBUG              [main]                         be.pxl.services.ReviewServiceApp - Running with Spring Boot v3.3.5, Spring v6.1.14
2025-01-14T01:15:28.463+0100 INFO               [main]                         be.pxl.services.ReviewServiceApp - No active profile set, falling back to 1 default profile: "default"
2025-01-14T11:27:40.825+0100 INFO               [main]                         be.pxl.services.ReviewServiceApp - Starting ReviewServiceApp using Java 21.0.2 with PID 33036 (C:\School\PXL\2024-2025\Fullstack Java\Opdracht\Code\project-WesleyKissenPXL\backend-java\NewsPostsSystem\review-service\target\classes started by wesle in C:\School\PXL\2024-2025\Fullstack Java\Opdracht\Code\project-WesleyKissenPXL\backend-java\NewsPostsSystem)
2025-01-14T11:27:40.827+0100 DEBUG              [main]                         be.pxl.services.ReviewServiceApp - Running with Spring Boot v3.3.5, Spring v6.1.14
2025-01-14T11:27:40.827+0100 INFO               [main]                         be.pxl.services.ReviewServiceApp - No active profile set, falling back to 1 default profile: "default"
2025-01-14T11:28:25.017+0100 INFO               [main]                         be.pxl.services.ReviewServiceApp - Starting ReviewServiceApp using Java 21.0.2 with PID 36376 (C:\School\PXL\2024-2025\Fullstack Java\Opdracht\Code\project-WesleyKissenPXL\backend-java\NewsPostsSystem\review-service\target\classes started by wesle in C:\School\PXL\2024-2025\Fullstack Java\Opdracht\Code\project-WesleyKissenPXL\backend-java\NewsPostsSystem)
2025-01-14T11:28:25.019+0100 DEBUG              [main]                         be.pxl.services.ReviewServiceApp - Running with Spring Boot v3.3.5, Spring v6.1.14
2025-01-14T11:28:25.019+0100 INFO               [main]                         be.pxl.services.ReviewServiceApp - No active profile set, falling back to 1 default profile: "default"
2025-01-14T11:38:55.430+0100 INFO               [main]                         be.pxl.services.ReviewServiceApp - Starting ReviewServiceApp using Java 21.0.2 with PID 17232 (C:\School\PXL\2024-2025\Fullstack Java\Opdracht\Code\project-WesleyKissenPXL\backend-java\NewsPostsSystem\review-service\target\classes started by wesle in C:\School\PXL\2024-2025\Fullstack Java\Opdracht\Code\project-WesleyKissenPXL\backend-java\NewsPostsSystem)
2025-01-14T11:38:55.431+0100 DEBUG              [main]                         be.pxl.services.ReviewServiceApp - Running with Spring Boot v3.3.5, Spring v6.1.14
2025-01-14T11:38:55.432+0100 INFO               [main]                         be.pxl.services.ReviewServiceApp - No active profile set, falling back to 1 default profile: "default"
2025-01-14T11:45:35.095+0100 INFO               [main]                         be.pxl.services.ReviewServiceApp - Starting ReviewServiceApp using Java 21.0.2 with PID 16908 (C:\School\PXL\2024-2025\Fullstack Java\Opdracht\Code\project-WesleyKissenPXL\backend-java\NewsPostsSystem\review-service\target\classes started by wesle in C:\School\PXL\2024-2025\Fullstack Java\Opdracht\Code\project-WesleyKissenPXL\backend-java\NewsPostsSystem)
2025-01-14T11:45:35.097+0100 DEBUG              [main]                         be.pxl.services.ReviewServiceApp - Running with Spring Boot v3.3.5, Spring v6.1.14
2025-01-14T11:45:35.098+0100 INFO               [main]                         be.pxl.services.ReviewServiceApp - No active profile set, falling back to 1 default profile: "default"
2025-01-14T12:11:55.923+0100 INFO               [main]                         be.pxl.services.ReviewServiceApp - Starting ReviewServiceApp using Java 21.0.2 with PID 11184 (C:\School\PXL\2024-2025\Fullstack Java\Opdracht\Code\project-WesleyKissenPXL\backend-java\NewsPostsSystem\review-service\target\classes started by wesle in C:\School\PXL\2024-2025\Fullstack Java\Opdracht\Code\project-WesleyKissenPXL\backend-java\NewsPostsSystem)
2025-01-14T12:11:55.925+0100 DEBUG              [main]                         be.pxl.services.ReviewServiceApp - Running with Spring Boot v3.3.5, Spring v6.1.14
2025-01-14T12:11:55.926+0100 INFO               [main]                         be.pxl.services.ReviewServiceApp - No active profile set, falling back to 1 default profile: "default"
2025-01-14T12:17:53.368+0100 INFO               [main]                         be.pxl.services.ReviewServiceApp - Starting ReviewServiceApp using Java 21.0.2 with PID 15288 (C:\School\PXL\2024-2025\Fullstack Java\Opdracht\Code\project-WesleyKissenPXL\backend-java\NewsPostsSystem\review-service\target\classes started by wesle in C:\School\PXL\2024-2025\Fullstack Java\Opdracht\Code\project-WesleyKissenPXL\backend-java\NewsPostsSystem)
2025-01-14T12:17:53.369+0100 DEBUG              [main]                         be.pxl.services.ReviewServiceApp - Running with Spring Boot v3.3.5, Spring v6.1.14
2025-01-14T12:17:53.370+0100 INFO               [main]                         be.pxl.services.ReviewServiceApp - No active profile set, falling back to 1 default profile: "default"
2025-01-14T12:28:45.010+0100 INFO               [main]                         be.pxl.services.ReviewServiceApp - Starting ReviewServiceApp using Java 21.0.2 with PID 34408 (C:\School\PXL\2024-2025\Fullstack Java\Opdracht\Code\project-WesleyKissenPXL\backend-java\NewsPostsSystem\review-service\target\classes started by wesle in C:\School\PXL\2024-2025\Fullstack Java\Opdracht\Code\project-WesleyKissenPXL\backend-java\NewsPostsSystem)
2025-01-14T12:28:45.013+0100 DEBUG              [main]                         be.pxl.services.ReviewServiceApp - Running with Spring Boot v3.3.5, Spring v6.1.14
2025-01-14T12:28:45.014+0100 INFO               [main]                         be.pxl.services.ReviewServiceApp - No active profile set, falling back to 1 default profile: "default"
2025-01-14T12:28:50.897+0100 INFO               [main]                         be.pxl.services.ReviewServiceApp - Started ReviewServiceApp in 7.137 seconds (process running for 8.015)
2025-01-14T12:29:34.064+0100 INFO               [main]                         be.pxl.services.PostServiceApp - Starting PostServiceApp using Java 21.0.2 with PID 19036 (C:\School\PXL\2024-2025\Fullstack Java\Opdracht\Code\project-WesleyKissenPXL\backend-java\NewsPostsSystem\post-service\target\classes started by wesle in C:\School\PXL\2024-2025\Fullstack Java\Opdracht\Code\project-WesleyKissenPXL\backend-java\NewsPostsSystem)
2025-01-14T12:29:34.066+0100 INFO               [main]                         be.pxl.services.PostServiceApp - No active profile set, falling back to 1 default profile: "default"
2025-01-14T12:46:55.340+0100 INFO               [main]                         be.pxl.services.ReviewServiceApp - Starting ReviewServiceApp using Java 21.0.2 with PID 38432 (C:\School\PXL\2024-2025\Fullstack Java\Opdracht\Code\project-WesleyKissenPXL\backend-java\NewsPostsSystem\review-service\target\classes started by wesle in C:\School\PXL\2024-2025\Fullstack Java\Opdracht\Code\project-WesleyKissenPXL\backend-java\NewsPostsSystem)
2025-01-14T12:46:55.343+0100 DEBUG              [main]                         be.pxl.services.ReviewServiceApp - Running with Spring Boot v3.3.5, Spring v6.1.14
2025-01-14T12:46:55.344+0100 INFO               [main]                         be.pxl.services.ReviewServiceApp - No active profile set, falling back to 1 default profile: "default"
2025-01-14T12:47:00.547+0100 INFO               [main]                         be.pxl.services.ReviewServiceApp - Started ReviewServiceApp in 6.226 seconds (process running for 6.991)
2025-01-14T12:47:11.247+0100 INFO               [main]                         be.pxl.services.PostServiceApp - Starting PostServiceApp using Java 21.0.2 with PID 13544 (C:\School\PXL\2024-2025\Fullstack Java\Opdracht\Code\project-WesleyKissenPXL\backend-java\NewsPostsSystem\post-service\target\classes started by wesle in C:\School\PXL\2024-2025\Fullstack Java\Opdracht\Code\project-WesleyKissenPXL\backend-java\NewsPostsSystem)
2025-01-14T12:47:11.253+0100 INFO               [main]                         be.pxl.services.PostServiceApp - No active profile set, falling back to 1 default profile: "default"
2025-01-14T12:55:43.526+0100 INFO               [main]                         be.pxl.services.PostServiceApp - Starting PostServiceApp using Java 21.0.2 with PID 31940 (C:\School\PXL\2024-2025\Fullstack Java\Opdracht\Code\project-WesleyKissenPXL\backend-java\NewsPostsSystem\post-service\target\classes started by wesle in C:\School\PXL\2024-2025\Fullstack Java\Opdracht\Code\project-WesleyKissenPXL\backend-java\NewsPostsSystem)
2025-01-14T12:55:43.529+0100 INFO               [main]                         be.pxl.services.PostServiceApp - No active profile set, falling back to 1 default profile: "default"
2025-01-14T12:57:57.266+0100 INFO               [main]                         be.pxl.services.PostServiceApp - Starting PostServiceApp using Java 21.0.2 with PID 35908 (C:\School\PXL\2024-2025\Fullstack Java\Opdracht\Code\project-WesleyKissenPXL\backend-java\NewsPostsSystem\post-service\target\classes started by wesle in C:\School\PXL\2024-2025\Fullstack Java\Opdracht\Code\project-WesleyKissenPXL\backend-java\NewsPostsSystem)
2025-01-14T12:57:57.269+0100 INFO               [main]                         be.pxl.services.PostServiceApp - No active profile set, falling back to 1 default profile: "default"
2025-01-14T13:30:52.032+0100 INFO               [main]                         be.pxl.services.ReviewServiceApp - Starting ReviewServiceApp using Java 21.0.2 with PID 12980 (C:\School\PXL\2024-2025\Fullstack Java\Opdracht\Code\project-WesleyKissenPXL\backend-java\NewsPostsSystem\review-service\target\classes started by wesle in C:\School\PXL\2024-2025\Fullstack Java\Opdracht\Code\project-WesleyKissenPXL\backend-java\NewsPostsSystem)
2025-01-14T13:30:52.034+0100 DEBUG              [main]                         be.pxl.services.ReviewServiceApp - Running with Spring Boot v3.3.5, Spring v6.1.14
2025-01-14T13:30:52.035+0100 INFO               [main]                         be.pxl.services.ReviewServiceApp - No active profile set, falling back to 1 default profile: "default"
2025-01-14T13:30:57.759+0100 INFO               [main]                         be.pxl.services.ReviewServiceApp - Started ReviewServiceApp in 6.892 seconds (process running for 7.729)
2025-01-14T13:31:04.956+0100 INFO               [main]                         be.pxl.services.PostServiceApp - Starting PostServiceApp using Java 21.0.2 with PID 28644 (C:\School\PXL\2024-2025\Fullstack Java\Opdracht\Code\project-WesleyKissenPXL\backend-java\NewsPostsSystem\post-service\target\classes started by wesle in C:\School\PXL\2024-2025\Fullstack Java\Opdracht\Code\project-WesleyKissenPXL\backend-java\NewsPostsSystem)
2025-01-14T13:31:04.957+0100 INFO               [main]                         be.pxl.services.PostServiceApp - No active profile set, falling back to 1 default profile: "default"
2025-01-14T13:31:10.088+0100 INFO               [main]                         be.pxl.services.PostServiceApp - Started PostServiceApp in 6.115 seconds (process running for 6.827)
2025-01-14T13:31:15.847+0100 INFO               [main]                         be.pxl.services.CommentServiceApp - Starting CommentServiceApp using Java 21.0.2 with PID 22692 (C:\School\PXL\2024-2025\Fullstack Java\Opdracht\Code\project-WesleyKissenPXL\backend-java\NewsPostsSystem\comment-service\target\classes started by wesle in C:\School\PXL\2024-2025\Fullstack Java\Opdracht\Code\project-WesleyKissenPXL\backend-java\NewsPostsSystem)
2025-01-14T13:31:15.850+0100 DEBUG              [main]                         be.pxl.services.CommentServiceApp - Running with Spring Boot v3.3.5, Spring v6.1.14
2025-01-14T13:31:15.852+0100 INFO               [main]                         be.pxl.services.CommentServiceApp - No active profile set, falling back to 1 default profile: "default"
2025-01-14T13:31:20.537+0100 INFO               [main]                         be.pxl.services.CommentServiceApp - Started CommentServiceApp in 5.74 seconds (process running for 6.455)
2025-01-14T16:01:56.500+0100 INFO               [main]                         be.pxl.services.ReviewServiceApp - Starting ReviewServiceApp using Java 21.0.2 with PID 25140 (C:\School\PXL\2024-2025\Fullstack Java\Opdracht\Code\project-WesleyKissenPXL\backend-java\NewsPostsSystem\review-service\target\classes started by wesle in C:\School\PXL\2024-2025\Fullstack Java\Opdracht\Code\project-WesleyKissenPXL\backend-java\NewsPostsSystem)
2025-01-14T16:01:56.501+0100 DEBUG              [main]                         be.pxl.services.ReviewServiceApp - Running with Spring Boot v3.3.5, Spring v6.1.14
2025-01-14T16:01:56.501+0100 INFO               [main]                         be.pxl.services.ReviewServiceApp - No active profile set, falling back to 1 default profile: "default"
2025-01-14T16:02:01.509+0100 INFO               [main]                         be.pxl.services.ReviewServiceApp - Started ReviewServiceApp in 6.008 seconds (process running for 6.786)
2025-01-14T16:02:29.615+0100 INFO               [main]                         be.pxl.services.PostServiceApp - Starting PostServiceApp using Java 21.0.2 with PID 35620 (C:\School\PXL\2024-2025\Fullstack Java\Opdracht\Code\project-WesleyKissenPXL\backend-java\NewsPostsSystem\post-service\target\classes started by wesle in C:\School\PXL\2024-2025\Fullstack Java\Opdracht\Code\project-WesleyKissenPXL\backend-java\NewsPostsSystem)
2025-01-14T16:02:29.617+0100 INFO               [main]                         be.pxl.services.PostServiceApp - No active profile set, falling back to 1 default profile: "default"
2025-01-14T16:02:35.249+0100 INFO               [main]                         be.pxl.services.PostServiceApp - Started PostServiceApp in 6.74 seconds (process running for 7.515)
2025-01-14T16:02:39.604+0100 INFO               [main]                         be.pxl.services.CommentServiceApp - Starting CommentServiceApp using Java 21.0.2 with PID 32696 (C:\School\PXL\2024-2025\Fullstack Java\Opdracht\Code\project-WesleyKissenPXL\backend-java\NewsPostsSystem\comment-service\target\classes started by wesle in C:\School\PXL\2024-2025\Fullstack Java\Opdracht\Code\project-WesleyKissenPXL\backend-java\NewsPostsSystem)
2025-01-14T16:02:39.606+0100 DEBUG              [main]                         be.pxl.services.CommentServiceApp - Running with Spring Boot v3.3.5, Spring v6.1.14
2025-01-14T16:02:39.606+0100 INFO               [main]                         be.pxl.services.CommentServiceApp - No active profile set, falling back to 1 default profile: "default"
2025-01-14T16:02:44.392+0100 INFO               [main]                         be.pxl.services.CommentServiceApp - Started CommentServiceApp in 5.803 seconds (process running for 6.551)
2025-01-14T17:45:24.093+0100 INFO               [main]                         be.pxl.services.ReviewServiceApp - Starting ReviewServiceApp using Java 21.0.2 with PID 39328 (C:\School\PXL\2024-2025\Fullstack Java\Opdracht\Code\project-WesleyKissenPXL\backend-java\NewsPostsSystem\review-service\target\classes started by wesle in C:\School\PXL\2024-2025\Fullstack Java\Opdracht\Code\project-WesleyKissenPXL\backend-java\NewsPostsSystem)
2025-01-14T17:45:24.095+0100 DEBUG              [main]                         be.pxl.services.ReviewServiceApp - Running with Spring Boot v3.3.5, Spring v6.1.14
2025-01-14T17:45:24.095+0100 INFO               [main]                         be.pxl.services.ReviewServiceApp - No active profile set, falling back to 1 default profile: "default"
2025-01-14T17:45:29.976+0100 INFO               [main]                         be.pxl.services.ReviewServiceApp - Started ReviewServiceApp in 6.985 seconds (process running for 7.821)
2025-01-14T17:45:38.237+0100 INFO               [main]                         be.pxl.services.PostServiceApp - Starting PostServiceApp using Java 21.0.2 with PID 4280 (C:\School\PXL\2024-2025\Fullstack Java\Opdracht\Code\project-WesleyKissenPXL\backend-java\NewsPostsSystem\post-service\target\classes started by wesle in C:\School\PXL\2024-2025\Fullstack Java\Opdracht\Code\project-WesleyKissenPXL\backend-java\NewsPostsSystem)
2025-01-14T17:45:38.239+0100 INFO               [main]                         be.pxl.services.PostServiceApp - No active profile set, falling back to 1 default profile: "default"
2025-01-14T17:45:44.070+0100 INFO               [main]                         be.pxl.services.PostServiceApp - Started PostServiceApp in 6.983 seconds (process running for 7.804)
2025-01-14T17:45:49.355+0100 INFO               [main]                         be.pxl.services.CommentServiceApp - Starting CommentServiceApp using Java 21.0.2 with PID 748 (C:\School\PXL\2024-2025\Fullstack Java\Opdracht\Code\project-WesleyKissenPXL\backend-java\NewsPostsSystem\comment-service\target\classes started by wesle in C:\School\PXL\2024-2025\Fullstack Java\Opdracht\Code\project-WesleyKissenPXL\backend-java\NewsPostsSystem)
2025-01-14T17:45:49.357+0100 DEBUG              [main]                         be.pxl.services.CommentServiceApp - Running with Spring Boot v3.3.5, Spring v6.1.14
2025-01-14T17:45:49.357+0100 INFO               [main]                         be.pxl.services.CommentServiceApp - No active profile set, falling back to 1 default profile: "default"
2025-01-14T17:45:54.174+0100 INFO               [main]                         be.pxl.services.CommentServiceApp - Started CommentServiceApp in 5.922 seconds (process running for 6.765)
2025-01-14T19:15:12.314+0100 INFO               [main]                         be.pxl.services.ReviewServiceApp - Starting ReviewServiceApp using Java 21.0.2 with PID 36936 (C:\School\PXL\2024-2025\Fullstack Java\Opdracht\Code\project-WesleyKissenPXL\backend-java\NewsPostsSystem\review-service\target\classes started by wesle in C:\School\PXL\2024-2025\Fullstack Java\Opdracht\Code\project-WesleyKissenPXL\backend-java\NewsPostsSystem)
2025-01-14T19:15:12.316+0100 DEBUG              [main]                         be.pxl.services.ReviewServiceApp - Running with Spring Boot v3.3.5, Spring v6.1.14
2025-01-14T19:15:12.317+0100 INFO               [main]                         be.pxl.services.ReviewServiceApp - No active profile set, falling back to 1 default profile: "default"
2025-01-14T19:15:18.188+0100 INFO               [main]                         be.pxl.services.ReviewServiceApp - Started ReviewServiceApp in 7.036 seconds (process running for 7.89)
2025-01-14T19:15:24.599+0100 INFO               [main]                         be.pxl.services.PostServiceApp - Starting PostServiceApp using Java 21.0.2 with PID 31688 (C:\School\PXL\2024-2025\Fullstack Java\Opdracht\Code\project-WesleyKissenPXL\backend-java\NewsPostsSystem\post-service\target\classes started by wesle in C:\School\PXL\2024-2025\Fullstack Java\Opdracht\Code\project-WesleyKissenPXL\backend-java\NewsPostsSystem)
2025-01-14T19:15:24.601+0100 INFO               [main]                         be.pxl.services.PostServiceApp - No active profile set, falling back to 1 default profile: "default"
2025-01-14T19:15:30.883+0100 INFO               [main]                         be.pxl.services.PostServiceApp - Started PostServiceApp in 7.607 seconds (process running for 8.469)
2025-01-14T19:15:36.971+0100 INFO               [main]                         be.pxl.services.CommentServiceApp - Starting CommentServiceApp using Java 21.0.2 with PID 31928 (C:\School\PXL\2024-2025\Fullstack Java\Opdracht\Code\project-WesleyKissenPXL\backend-java\NewsPostsSystem\comment-service\target\classes started by wesle in C:\School\PXL\2024-2025\Fullstack Java\Opdracht\Code\project-WesleyKissenPXL\backend-java\NewsPostsSystem)
2025-01-14T19:15:36.972+0100 DEBUG              [main]                         be.pxl.services.CommentServiceApp - Running with Spring Boot v3.3.5, Spring v6.1.14
2025-01-14T19:15:36.973+0100 INFO               [main]                         be.pxl.services.CommentServiceApp - No active profile set, falling back to 1 default profile: "default"
2025-01-14T19:15:41.785+0100 INFO               [main]                         be.pxl.services.CommentServiceApp - Started CommentServiceApp in 5.855 seconds (process running for 6.702)
2025-01-14T19:34:47.757+0100 INFO               [main]                         be.pxl.services.ReviewServiceApp - Starting ReviewServiceApp using Java 21.0.2 with PID 18216 (C:\School\PXL\2024-2025\Fullstack Java\Opdracht\Code\project-WesleyKissenPXL\backend-java\NewsPostsSystem\review-service\target\classes started by wesle in C:\School\PXL\2024-2025\Fullstack Java\Opdracht\Code\project-WesleyKissenPXL\backend-java\NewsPostsSystem)
2025-01-14T19:34:47.758+0100 DEBUG              [main]                         be.pxl.services.ReviewServiceApp - Running with Spring Boot v3.3.5, Spring v6.1.14
2025-01-14T19:34:47.758+0100 INFO               [main]                         be.pxl.services.ReviewServiceApp - No active profile set, falling back to 1 default profile: "default"
2025-01-14T19:34:52.370+0100 INFO               [main]                         be.pxl.services.ReviewServiceApp - Started ReviewServiceApp in 5.553 seconds (process running for 6.335)
2025-01-14T19:35:16.070+0100 INFO               [main]                         be.pxl.services.PostServiceApp - Starting PostServiceApp using Java 21.0.2 with PID 29568 (C:\School\PXL\2024-2025\Fullstack Java\Opdracht\Code\project-WesleyKissenPXL\backend-java\NewsPostsSystem\post-service\target\classes started by wesle in C:\School\PXL\2024-2025\Fullstack Java\Opdracht\Code\project-WesleyKissenPXL\backend-java\NewsPostsSystem)
2025-01-14T19:35:16.073+0100 INFO               [main]                         be.pxl.services.PostServiceApp - No active profile set, falling back to 1 default profile: "default"
2025-01-14T19:35:21.453+0100 INFO               [main]                         be.pxl.services.PostServiceApp - Started PostServiceApp in 6.518 seconds (process running for 7.247)
2025-01-14T19:35:25.961+0100 INFO               [main]                         be.pxl.services.CommentServiceApp - Starting CommentServiceApp using Java 21.0.2 with PID 15252 (C:\School\PXL\2024-2025\Fullstack Java\Opdracht\Code\project-WesleyKissenPXL\backend-java\NewsPostsSystem\comment-service\target\classes started by wesle in C:\School\PXL\2024-2025\Fullstack Java\Opdracht\Code\project-WesleyKissenPXL\backend-java\NewsPostsSystem)
2025-01-14T19:35:25.962+0100 DEBUG              [main]                         be.pxl.services.CommentServiceApp - Running with Spring Boot v3.3.5, Spring v6.1.14
2025-01-14T19:35:25.963+0100 INFO               [main]                         be.pxl.services.CommentServiceApp - No active profile set, falling back to 1 default profile: "default"
2025-01-14T19:35:30.318+0100 INFO               [main]                         be.pxl.services.CommentServiceApp - Started CommentServiceApp in 5.318 seconds (process running for 6.066)
2025-01-14T20:13:50.405+0100 INFO               [main]                         be.pxl.services.ReviewServiceApp - Starting ReviewServiceApp using Java 21.0.2 with PID 25540 (C:\School\PXL\2024-2025\Fullstack Java\Opdracht\Code\project-WesleyKissenPXL\backend-java\NewsPostsSystem\review-service\target\classes started by wesle in C:\School\PXL\2024-2025\Fullstack Java\Opdracht\Code\project-WesleyKissenPXL\backend-java\NewsPostsSystem)
2025-01-14T20:13:50.407+0100 DEBUG              [main]                         be.pxl.services.ReviewServiceApp - Running with Spring Boot v3.3.5, Spring v6.1.14
2025-01-14T20:13:50.408+0100 INFO               [main]                         be.pxl.services.ReviewServiceApp - No active profile set, falling back to 1 default profile: "default"
2025-01-14T20:13:55.334+0100 INFO               [main]                         be.pxl.services.ReviewServiceApp - Started ReviewServiceApp in 5.932 seconds (process running for 6.68)
2025-01-14T20:14:02.808+0100 INFO               [main]                         be.pxl.services.PostServiceApp - Starting PostServiceApp using Java 21.0.2 with PID 27656 (C:\School\PXL\2024-2025\Fullstack Java\Opdracht\Code\project-WesleyKissenPXL\backend-java\NewsPostsSystem\post-service\target\classes started by wesle in C:\School\PXL\2024-2025\Fullstack Java\Opdracht\Code\project-WesleyKissenPXL\backend-java\NewsPostsSystem)
2025-01-14T20:14:02.810+0100 INFO               [main]                         be.pxl.services.PostServiceApp - No active profile set, falling back to 1 default profile: "default"
2025-01-14T20:14:08.058+0100 INFO               [main]                         be.pxl.services.PostServiceApp - Started PostServiceApp in 6.28 seconds (process running for 7.043)
2025-01-14T20:14:14.694+0100 INFO               [main]                         be.pxl.services.CommentServiceApp - Starting CommentServiceApp using Java 21.0.2 with PID 38616 (C:\School\PXL\2024-2025\Fullstack Java\Opdracht\Code\project-WesleyKissenPXL\backend-java\NewsPostsSystem\comment-service\target\classes started by wesle in C:\School\PXL\2024-2025\Fullstack Java\Opdracht\Code\project-WesleyKissenPXL\backend-java\NewsPostsSystem)
2025-01-14T20:14:14.695+0100 DEBUG              [main]                         be.pxl.services.CommentServiceApp - Running with Spring Boot v3.3.5, Spring v6.1.14
2025-01-14T20:14:14.696+0100 INFO               [main]                         be.pxl.services.CommentServiceApp - No active profile set, falling back to 1 default profile: "default"
2025-01-14T20:14:19.549+0100 INFO               [main]                         be.pxl.services.CommentServiceApp - Started CommentServiceApp in 6.129 seconds (process running for 6.868)
2025-01-14T20:41:13.374+0100 INFO               [main]                         be.pxl.services.ReviewServiceApp - Starting ReviewServiceApp using Java 21.0.2 with PID 23624 (C:\School\PXL\2024-2025\Fullstack Java\Opdracht\Code\project-WesleyKissenPXL\backend-java\NewsPostsSystem\review-service\target\classes started by wesle in C:\School\PXL\2024-2025\Fullstack Java\Opdracht\Code\project-WesleyKissenPXL\backend-java\NewsPostsSystem)
2025-01-14T20:41:13.376+0100 DEBUG              [main]                         be.pxl.services.ReviewServiceApp - Running with Spring Boot v3.3.5, Spring v6.1.14
2025-01-14T20:41:13.377+0100 INFO               [main]                         be.pxl.services.ReviewServiceApp - No active profile set, falling back to 1 default profile: "default"
2025-01-14T20:41:18.968+0100 INFO               [main]                         be.pxl.services.ReviewServiceApp - Started ReviewServiceApp in 6.669 seconds (process running for 7.578)
2025-01-14T20:41:27.711+0100 INFO               [main]                         be.pxl.services.PostServiceApp - Starting PostServiceApp using Java 21.0.2 with PID 33448 (C:\School\PXL\2024-2025\Fullstack Java\Opdracht\Code\project-WesleyKissenPXL\backend-java\NewsPostsSystem\post-service\target\classes started by wesle in C:\School\PXL\2024-2025\Fullstack Java\Opdracht\Code\project-WesleyKissenPXL\backend-java\NewsPostsSystem)
2025-01-14T20:41:27.717+0100 INFO               [main]                         be.pxl.services.PostServiceApp - No active profile set, falling back to 1 default profile: "default"
2025-01-14T20:41:33.743+0100 INFO               [main]                         be.pxl.services.PostServiceApp - Started PostServiceApp in 7.299 seconds (process running for 8.102)
2025-01-14T20:41:43.216+0100 INFO               [main]                         be.pxl.services.CommentServiceApp - Starting CommentServiceApp using Java 21.0.2 with PID 37692 (C:\School\PXL\2024-2025\Fullstack Java\Opdracht\Code\project-WesleyKissenPXL\backend-java\NewsPostsSystem\comment-service\target\classes started by wesle in C:\School\PXL\2024-2025\Fullstack Java\Opdracht\Code\project-WesleyKissenPXL\backend-java\NewsPostsSystem)
2025-01-14T20:41:43.220+0100 DEBUG              [main]                         be.pxl.services.CommentServiceApp - Running with Spring Boot v3.3.5, Spring v6.1.14
2025-01-14T20:41:43.221+0100 INFO               [main]                         be.pxl.services.CommentServiceApp - No active profile set, falling back to 1 default profile: "default"
2025-01-14T20:41:48.454+0100 INFO               [main]                         be.pxl.services.CommentServiceApp - Started CommentServiceApp in 6.512 seconds (process running for 7.33)
2025-01-14T20:50:07.469+0100 INFO               [main]                         be.pxl.services.ReviewServiceApp - Starting ReviewServiceApp using Java 21.0.2 with PID 6240 (C:\School\PXL\2024-2025\Fullstack Java\Opdracht\Code\project-WesleyKissenPXL\backend-java\NewsPostsSystem\review-service\target\classes started by wesle in C:\School\PXL\2024-2025\Fullstack Java\Opdracht\Code\project-WesleyKissenPXL\backend-java\NewsPostsSystem)
2025-01-14T20:50:07.472+0100 DEBUG              [main]                         be.pxl.services.ReviewServiceApp - Running with Spring Boot v3.3.5, Spring v6.1.14
2025-01-14T20:50:07.473+0100 INFO               [main]                         be.pxl.services.ReviewServiceApp - No active profile set, falling back to 1 default profile: "default"
2025-01-14T20:50:13.081+0100 INFO               [main]                         be.pxl.services.ReviewServiceApp - Started ReviewServiceApp in 6.751 seconds (process running for 7.589)
2025-01-14T20:50:23.145+0100 INFO               [main]                         be.pxl.services.PostServiceApp - Starting PostServiceApp using Java 21.0.2 with PID 28232 (C:\School\PXL\2024-2025\Fullstack Java\Opdracht\Code\project-WesleyKissenPXL\backend-java\NewsPostsSystem\post-service\target\classes started by wesle in C:\School\PXL\2024-2025\Fullstack Java\Opdracht\Code\project-WesleyKissenPXL\backend-java\NewsPostsSystem)
2025-01-14T20:50:23.149+0100 INFO               [main]                         be.pxl.services.PostServiceApp - No active profile set, falling back to 1 default profile: "default"
2025-01-14T20:50:29.260+0100 INFO               [main]                         be.pxl.services.PostServiceApp - Started PostServiceApp in 7.285 seconds (process running for 8.055)
2025-01-14T20:50:35.863+0100 INFO               [main]                         be.pxl.services.CommentServiceApp - Starting CommentServiceApp using Java 21.0.2 with PID 3152 (C:\School\PXL\2024-2025\Fullstack Java\Opdracht\Code\project-WesleyKissenPXL\backend-java\NewsPostsSystem\comment-service\target\classes started by wesle in C:\School\PXL\2024-2025\Fullstack Java\Opdracht\Code\project-WesleyKissenPXL\backend-java\NewsPostsSystem)
2025-01-14T20:50:35.864+0100 DEBUG              [main]                         be.pxl.services.CommentServiceApp - Running with Spring Boot v3.3.5, Spring v6.1.14
2025-01-14T20:50:35.866+0100 INFO               [main]                         be.pxl.services.CommentServiceApp - No active profile set, falling back to 1 default profile: "default"
2025-01-14T20:50:41.058+0100 INFO               [main]                         be.pxl.services.CommentServiceApp - Started CommentServiceApp in 6.436 seconds (process running for 7.228)
2025-01-14T21:06:08.597+0100 INFO               [main]                         be.pxl.services.ReviewServiceApp - Starting ReviewServiceApp using Java 21.0.2 with PID 31092 (C:\School\PXL\2024-2025\Fullstack Java\Opdracht\Code\project-WesleyKissenPXL\backend-java\NewsPostsSystem\review-service\target\classes started by wesle in C:\School\PXL\2024-2025\Fullstack Java\Opdracht\Code\project-WesleyKissenPXL\backend-java\NewsPostsSystem)
2025-01-14T21:06:08.599+0100 DEBUG              [main]                         be.pxl.services.ReviewServiceApp - Running with Spring Boot v3.3.5, Spring v6.1.14
2025-01-14T21:06:08.599+0100 INFO               [main]                         be.pxl.services.ReviewServiceApp - No active profile set, falling back to 1 default profile: "default"
2025-01-14T21:06:15.231+0100 INFO               [main]                         be.pxl.services.ReviewServiceApp - Started ReviewServiceApp in 7.964 seconds (process running for 8.945)
2025-01-14T21:07:10.562+0100 INFO               [main]                         be.pxl.services.PostServiceApp - Starting PostServiceApp using Java 21.0.2 with PID 39716 (C:\School\PXL\2024-2025\Fullstack Java\Opdracht\Code\project-WesleyKissenPXL\backend-java\NewsPostsSystem\post-service\target\classes started by wesle in C:\School\PXL\2024-2025\Fullstack Java\Opdracht\Code\project-WesleyKissenPXL\backend-java\NewsPostsSystem)
2025-01-14T21:07:10.565+0100 INFO               [main]                         be.pxl.services.PostServiceApp - No active profile set, falling back to 1 default profile: "default"
2025-01-14T21:07:17.743+0100 INFO               [main]                         be.pxl.services.PostServiceApp - Started PostServiceApp in 8.738 seconds (process running for 9.833)
2025-01-14T21:07:34.367+0100 INFO               [main]                         be.pxl.services.CommentServiceApp - Starting CommentServiceApp using Java 21.0.2 with PID 21112 (C:\School\PXL\2024-2025\Fullstack Java\Opdracht\Code\project-WesleyKissenPXL\backend-java\NewsPostsSystem\comment-service\target\classes started by wesle in C:\School\PXL\2024-2025\Fullstack Java\Opdracht\Code\project-WesleyKissenPXL\backend-java\NewsPostsSystem)
2025-01-14T21:07:34.369+0100 DEBUG              [main]                         be.pxl.services.CommentServiceApp - Running with Spring Boot v3.3.5, Spring v6.1.14
2025-01-14T21:07:34.370+0100 INFO               [main]                         be.pxl.services.CommentServiceApp - No active profile set, falling back to 1 default profile: "default"
2025-01-14T21:07:39.272+0100 INFO               [main]                         be.pxl.services.CommentServiceApp - Started CommentServiceApp in 6.017 seconds (process running for 6.889)
2025-01-14T22:10:36.292+0100 INFO               [main]                         be.pxl.services.ReviewServiceApp - Starting ReviewServiceApp using Java 21.0.2 with PID 21164 (C:\School\PXL\2024-2025\Fullstack Java\Opdracht\Code\project-WesleyKissenPXL\backend-java\NewsPostsSystem\review-service\target\classes started by wesle in C:\School\PXL\2024-2025\Fullstack Java\Opdracht\Code\project-WesleyKissenPXL\backend-java\NewsPostsSystem)
2025-01-14T22:10:36.293+0100 DEBUG              [main]                         be.pxl.services.ReviewServiceApp - Running with Spring Boot v3.3.5, Spring v6.1.14
2025-01-14T22:10:36.294+0100 INFO               [main]                         be.pxl.services.ReviewServiceApp - No active profile set, falling back to 1 default profile: "default"
2025-01-14T22:10:41.775+0100 INFO               [main]                         be.pxl.services.ReviewServiceApp - Started ReviewServiceApp in 6.532 seconds (process running for 7.257)
2025-01-14T22:10:57.480+0100 INFO               [main]                         be.pxl.services.PostServiceApp - Starting PostServiceApp using Java 21.0.2 with PID 23736 (C:\School\PXL\2024-2025\Fullstack Java\Opdracht\Code\project-WesleyKissenPXL\backend-java\NewsPostsSystem\post-service\target\classes started by wesle in C:\School\PXL\2024-2025\Fullstack Java\Opdracht\Code\project-WesleyKissenPXL\backend-java\NewsPostsSystem)
2025-01-14T22:10:57.483+0100 INFO               [main]                         be.pxl.services.PostServiceApp - No active profile set, falling back to 1 default profile: "default"
2025-01-14T22:11:04.128+0100 INFO               [main]                         be.pxl.services.PostServiceApp - Started PostServiceApp in 7.856 seconds (process running for 9.402)
2025-01-14T22:11:14.008+0100 INFO               [main]                         be.pxl.services.CommentServiceApp - Starting CommentServiceApp using Java 21.0.2 with PID 38580 (C:\School\PXL\2024-2025\Fullstack Java\Opdracht\Code\project-WesleyKissenPXL\backend-java\NewsPostsSystem\comment-service\target\classes started by wesle in C:\School\PXL\2024-2025\Fullstack Java\Opdracht\Code\project-WesleyKissenPXL\backend-java\NewsPostsSystem)
2025-01-14T22:11:14.011+0100 DEBUG              [main]                         be.pxl.services.CommentServiceApp - Running with Spring Boot v3.3.5, Spring v6.1.14
2025-01-14T22:11:14.011+0100 INFO               [main]                         be.pxl.services.CommentServiceApp - No active profile set, falling back to 1 default profile: "default"
2025-01-14T22:11:18.619+0100 INFO               [main]                         be.pxl.services.CommentServiceApp - Started CommentServiceApp in 5.705 seconds (process running for 6.533)
2025-01-14T22:15:35.851+0100 INFO               [main]                         be.pxl.services.ReviewServiceApp - Starting ReviewServiceApp using Java 21.0.2 with PID 31392 (C:\School\PXL\2024-2025\Fullstack Java\Opdracht\Code\project-WesleyKissenPXL\backend-java\NewsPostsSystem\review-service\target\classes started by wesle in C:\School\PXL\2024-2025\Fullstack Java\Opdracht\Code\project-WesleyKissenPXL\backend-java\NewsPostsSystem)
2025-01-14T22:15:35.853+0100 DEBUG              [main]                         be.pxl.services.ReviewServiceApp - Running with Spring Boot v3.3.5, Spring v6.1.14
2025-01-14T22:15:35.854+0100 INFO               [main]                         be.pxl.services.ReviewServiceApp - No active profile set, falling back to 1 default profile: "default"
2025-01-14T22:15:44.861+0100 INFO               [main]                         be.pxl.services.ReviewServiceApp - Started ReviewServiceApp in 10.117 seconds (process running for 11.238)
2025-01-14T22:15:50.119+0100 INFO               [main]                         be.pxl.services.PostServiceApp - Starting PostServiceApp using Java 21.0.2 with PID 39428 (C:\School\PXL\2024-2025\Fullstack Java\Opdracht\Code\project-WesleyKissenPXL\backend-java\NewsPostsSystem\post-service\target\classes started by wesle in C:\School\PXL\2024-2025\Fullstack Java\Opdracht\Code\project-WesleyKissenPXL\backend-java\NewsPostsSystem)
2025-01-14T22:15:50.122+0100 INFO               [main]                         be.pxl.services.PostServiceApp - No active profile set, falling back to 1 default profile: "default"
2025-01-14T22:15:56.013+0100 INFO               [main]                         be.pxl.services.PostServiceApp - Started PostServiceApp in 7.067 seconds (process running for 7.797)
2025-01-14T22:16:02.468+0100 INFO               [main]                         be.pxl.services.CommentServiceApp - Starting CommentServiceApp using Java 21.0.2 with PID 33384 (C:\School\PXL\2024-2025\Fullstack Java\Opdracht\Code\project-WesleyKissenPXL\backend-java\NewsPostsSystem\comment-service\target\classes started by wesle in C:\School\PXL\2024-2025\Fullstack Java\Opdracht\Code\project-WesleyKissenPXL\backend-java\NewsPostsSystem)
2025-01-14T22:16:02.470+0100 DEBUG              [main]                         be.pxl.services.CommentServiceApp - Running with Spring Boot v3.3.5, Spring v6.1.14
2025-01-14T22:16:02.470+0100 INFO               [main]                         be.pxl.services.CommentServiceApp - No active profile set, falling back to 1 default profile: "default"
2025-01-14T22:16:07.224+0100 INFO               [main]                         be.pxl.services.CommentServiceApp - Started CommentServiceApp in 5.866 seconds (process running for 6.643)
2025-01-14T23:24:15.132+0100 INFO               [main]                         be.pxl.services.ReviewServiceApp - Starting ReviewServiceApp using Java 21.0.2 with PID 30128 (C:\School\PXL\2024-2025\Fullstack Java\Opdracht\Code\project-WesleyKissenPXL\backend-java\NewsPostsSystem\review-service\target\classes started by wesle in C:\School\PXL\2024-2025\Fullstack Java\Opdracht\Code\project-WesleyKissenPXL\backend-java\NewsPostsSystem)
2025-01-14T23:24:15.133+0100 DEBUG              [main]                         be.pxl.services.ReviewServiceApp - Running with Spring Boot v3.3.5, Spring v6.1.14
2025-01-14T23:24:15.134+0100 INFO               [main]                         be.pxl.services.ReviewServiceApp - No active profile set, falling back to 1 default profile: "default"
2025-01-14T23:24:20.616+0100 INFO               [main]                         be.pxl.services.ReviewServiceApp - Started ReviewServiceApp in 6.585 seconds (process running for 7.376)
2025-01-14T23:24:30.611+0100 INFO               [main]                         be.pxl.services.PostServiceApp - Starting PostServiceApp using Java 21.0.2 with PID 18124 (C:\School\PXL\2024-2025\Fullstack Java\Opdracht\Code\project-WesleyKissenPXL\backend-java\NewsPostsSystem\post-service\target\classes started by wesle in C:\School\PXL\2024-2025\Fullstack Java\Opdracht\Code\project-WesleyKissenPXL\backend-java\NewsPostsSystem)
2025-01-14T23:24:30.614+0100 INFO               [main]                         be.pxl.services.PostServiceApp - No active profile set, falling back to 1 default profile: "default"
2025-01-14T23:24:36.349+0100 INFO               [main]                         be.pxl.services.PostServiceApp - Started PostServiceApp in 6.939 seconds (process running for 7.797)
2025-01-14T23:24:44.143+0100 INFO               [main]                         be.pxl.services.CommentServiceApp - Starting CommentServiceApp using Java 21.0.2 with PID 19452 (C:\School\PXL\2024-2025\Fullstack Java\Opdracht\Code\project-WesleyKissenPXL\backend-java\NewsPostsSystem\comment-service\target\classes started by wesle in C:\School\PXL\2024-2025\Fullstack Java\Opdracht\Code\project-WesleyKissenPXL\backend-java\NewsPostsSystem)
2025-01-14T23:24:44.144+0100 DEBUG              [main]                         be.pxl.services.CommentServiceApp - Running with Spring Boot v3.3.5, Spring v6.1.14
2025-01-14T23:24:44.145+0100 INFO               [main]                         be.pxl.services.CommentServiceApp - No active profile set, falling back to 1 default profile: "default"
2025-01-14T23:24:48.849+0100 INFO               [main]                         be.pxl.services.CommentServiceApp - Started CommentServiceApp in 5.781 seconds (process running for 6.509)
