2025-01-15T00:14:37.690+0100 INFO               [main]                         be.pxl.services.ReviewServiceApp - Starting ReviewServiceApp using Java 21.0.2 with PID 31996 (C:\School\PXL\2024-2025\Fullstack Java\Opdracht\Code\project-WesleyKissenPXL\backend-java\NewsPostsSystem\review-service\target\classes started by wesle in C:\School\PXL\2024-2025\Fullstack Java\Opdracht\Code\project-WesleyKissenPXL\backend-java\NewsPostsSystem)
2025-01-15T00:14:37.697+0100 DEBUG              [main]                         be.pxl.services.ReviewServiceApp - Running with Spring Boot v3.3.5, Spring v6.1.14
2025-01-15T00:14:37.698+0100 INFO               [main]                         be.pxl.services.ReviewServiceApp - No active profile set, falling back to 1 default profile: "default"
2025-01-15T00:14:42.893+0100 INFO               [main]                         be.pxl.services.ReviewServiceApp - Started ReviewServiceApp in 6.343 seconds (process running for 7.131)
2025-01-15T00:14:50.916+0100 INFO               [main]                         be.pxl.services.PostServiceApp - Starting PostServiceApp using Java 21.0.2 with PID 28640 (C:\School\PXL\2024-2025\Fullstack Java\Opdracht\Code\project-WesleyKissenPXL\backend-java\NewsPostsSystem\post-service\target\classes started by wesle in C:\School\PXL\2024-2025\Fullstack Java\Opdracht\Code\project-WesleyKissenPXL\backend-java\NewsPostsSystem)
2025-01-15T00:14:50.918+0100 INFO               [main]                         be.pxl.services.PostServiceApp - No active profile set, falling back to 1 default profile: "default"
2025-01-15T00:14:57.004+0100 INFO               [main]                         be.pxl.services.PostServiceApp - Started PostServiceApp in 7.23 seconds (process running for 8.042)
2025-01-15T00:15:01.880+0100 INFO               [main]                         be.pxl.services.CommentServiceApp - Starting CommentServiceApp using Java 21.0.2 with PID 35484 (C:\School\PXL\2024-2025\Fullstack Java\Opdracht\Code\project-WesleyKissenPXL\backend-java\NewsPostsSystem\comment-service\target\classes started by wesle in C:\School\PXL\2024-2025\Fullstack Java\Opdracht\Code\project-WesleyKissenPXL\backend-java\NewsPostsSystem)
2025-01-15T00:15:01.881+0100 DEBUG              [main]                         be.pxl.services.CommentServiceApp - Running with Spring Boot v3.3.5, Spring v6.1.14
2025-01-15T00:15:01.881+0100 INFO               [main]                         be.pxl.services.CommentServiceApp - No active profile set, falling back to 1 default profile: "default"
2025-01-15T00:15:06.351+0100 INFO               [main]                         be.pxl.services.CommentServiceApp - Started CommentServiceApp in 5.501 seconds (process running for 6.263)
2025-01-15T00:57:50.339+0100 INFO               [main]                         be.pxl.services.ReviewServiceApp - Starting ReviewServiceApp using Java 21.0.2 with PID 30204 (C:\School\PXL\2024-2025\Fullstack Java\Opdracht\Code\project-WesleyKissenPXL\backend-java\NewsPostsSystem\review-service\target\classes started by wesle in C:\School\PXL\2024-2025\Fullstack Java\Opdracht\Code\project-WesleyKissenPXL\backend-java\NewsPostsSystem)
2025-01-15T00:57:50.340+0100 DEBUG              [main]                         be.pxl.services.ReviewServiceApp - Running with Spring Boot v3.3.5, Spring v6.1.14
2025-01-15T00:57:50.341+0100 INFO               [main]                         be.pxl.services.ReviewServiceApp - No active profile set, falling back to 1 default profile: "default"
2025-01-15T00:57:56.397+0100 INFO               [main]                         be.pxl.services.ReviewServiceApp - Started ReviewServiceApp in 7.239 seconds (process running for 8.031)
2025-01-15T00:58:13.231+0100 INFO               [main]                         be.pxl.services.PostServiceApp - Starting PostServiceApp using Java 21.0.2 with PID 26524 (C:\School\PXL\2024-2025\Fullstack Java\Opdracht\Code\project-WesleyKissenPXL\backend-java\NewsPostsSystem\post-service\target\classes started by wesle in C:\School\PXL\2024-2025\Fullstack Java\Opdracht\Code\project-WesleyKissenPXL\backend-java\NewsPostsSystem)
2025-01-15T00:58:13.238+0100 INFO               [main]                         be.pxl.services.PostServiceApp - No active profile set, falling back to 1 default profile: "default"
2025-01-15T00:58:19.459+0100 INFO               [main]                         be.pxl.services.PostServiceApp - Started PostServiceApp in 7.445 seconds (process running for 8.273)
2025-01-15T00:58:24.182+0100 INFO               [main]                         be.pxl.services.CommentServiceApp - Starting CommentServiceApp using Java 21.0.2 with PID 34244 (C:\School\PXL\2024-2025\Fullstack Java\Opdracht\Code\project-WesleyKissenPXL\backend-java\NewsPostsSystem\comment-service\target\classes started by wesle in C:\School\PXL\2024-2025\Fullstack Java\Opdracht\Code\project-WesleyKissenPXL\backend-java\NewsPostsSystem)
2025-01-15T00:58:24.184+0100 DEBUG              [main]                         be.pxl.services.CommentServiceApp - Running with Spring Boot v3.3.5, Spring v6.1.14
2025-01-15T00:58:24.185+0100 INFO               [main]                         be.pxl.services.CommentServiceApp - No active profile set, falling back to 1 default profile: "default"
2025-01-15T00:58:29.210+0100 INFO               [main]                         be.pxl.services.CommentServiceApp - Started CommentServiceApp in 6.189 seconds (process running for 6.949)
2025-01-15T01:17:45.679+0100 INFO               [main]                         be.pxl.services.ReviewServiceApp - Starting ReviewServiceApp using Java 21.0.2 with PID 16476 (C:\School\PXL\2024-2025\Fullstack Java\Opdracht\Code\project-WesleyKissenPXL\backend-java\NewsPostsSystem\review-service\target\classes started by wesle in C:\School\PXL\2024-2025\Fullstack Java\Opdracht\Code\project-WesleyKissenPXL\backend-java\NewsPostsSystem)
2025-01-15T01:17:45.680+0100 DEBUG              [main]                         be.pxl.services.ReviewServiceApp - Running with Spring Boot v3.3.5, Spring v6.1.14
2025-01-15T01:17:45.681+0100 INFO               [main]                         be.pxl.services.ReviewServiceApp - No active profile set, falling back to 1 default profile: "default"
2025-01-15T01:17:51.420+0100 INFO               [main]                         be.pxl.services.ReviewServiceApp - Started ReviewServiceApp in 6.782 seconds (process running for 7.539)
2025-01-15T01:18:00.789+0100 INFO               [main]                         be.pxl.services.PostServiceApp - Starting PostServiceApp using Java 21.0.2 with PID 9680 (C:\School\PXL\2024-2025\Fullstack Java\Opdracht\Code\project-WesleyKissenPXL\backend-java\NewsPostsSystem\post-service\target\classes started by wesle in C:\School\PXL\2024-2025\Fullstack Java\Opdracht\Code\project-WesleyKissenPXL\backend-java\NewsPostsSystem)
2025-01-15T01:18:00.790+0100 INFO               [main]                         be.pxl.services.PostServiceApp - No active profile set, falling back to 1 default profile: "default"
2025-01-15T01:18:06.406+0100 INFO               [main]                         be.pxl.services.PostServiceApp - Started PostServiceApp in 6.715 seconds (process running for 7.495)
2025-01-15T01:18:11.985+0100 INFO               [main]                         be.pxl.services.CommentServiceApp - Starting CommentServiceApp using Java 21.0.2 with PID 38100 (C:\School\PXL\2024-2025\Fullstack Java\Opdracht\Code\project-WesleyKissenPXL\backend-java\NewsPostsSystem\comment-service\target\classes started by wesle in C:\School\PXL\2024-2025\Fullstack Java\Opdracht\Code\project-WesleyKissenPXL\backend-java\NewsPostsSystem)
2025-01-15T01:18:11.985+0100 DEBUG              [main]                         be.pxl.services.CommentServiceApp - Running with Spring Boot v3.3.5, Spring v6.1.14
2025-01-15T01:18:11.985+0100 INFO               [main]                         be.pxl.services.CommentServiceApp - No active profile set, falling back to 1 default profile: "default"
2025-01-15T01:18:16.650+0100 INFO               [main]                         be.pxl.services.CommentServiceApp - Started CommentServiceApp in 5.742 seconds (process running for 6.459)
2025-01-15T02:01:40.265+0100 INFO               [main]                         be.pxl.services.ReviewServiceApp - Starting ReviewServiceApp using Java 21.0.2 with PID 34832 (C:\School\PXL\2024-2025\Fullstack Java\Opdracht\Code\project-WesleyKissenPXL\backend-java\NewsPostsSystem\review-service\target\classes started by wesle in C:\School\PXL\2024-2025\Fullstack Java\Opdracht\Code\project-WesleyKissenPXL\backend-java\NewsPostsSystem)
2025-01-15T02:01:40.265+0100 DEBUG              [main]                         be.pxl.services.ReviewServiceApp - Running with Spring Boot v3.3.5, Spring v6.1.14
2025-01-15T02:01:40.266+0100 INFO               [main]                         be.pxl.services.ReviewServiceApp - No active profile set, falling back to 1 default profile: "default"
2025-01-15T02:01:44.891+0100 INFO               [main]                         be.pxl.services.ReviewServiceApp - Started ReviewServiceApp in 5.602 seconds (process running for 6.304)
2025-01-15T02:01:58.149+0100 INFO               [main]                         be.pxl.services.PostServiceApp - Starting PostServiceApp using Java 21.0.2 with PID 33532 (C:\School\PXL\2024-2025\Fullstack Java\Opdracht\Code\project-WesleyKissenPXL\backend-java\NewsPostsSystem\post-service\target\classes started by wesle in C:\School\PXL\2024-2025\Fullstack Java\Opdracht\Code\project-WesleyKissenPXL\backend-java\NewsPostsSystem)
2025-01-15T02:01:58.152+0100 INFO               [main]                         be.pxl.services.PostServiceApp - No active profile set, falling back to 1 default profile: "default"
2025-01-15T02:02:03.111+0100 INFO               [main]                         be.pxl.services.PostServiceApp - Started PostServiceApp in 5.938 seconds (process running for 6.594)
2025-01-15T02:02:07.662+0100 INFO               [main]                         be.pxl.services.CommentServiceApp - Starting CommentServiceApp using Java 21.0.2 with PID 11940 (C:\School\PXL\2024-2025\Fullstack Java\Opdracht\Code\project-WesleyKissenPXL\backend-java\NewsPostsSystem\comment-service\target\classes started by wesle in C:\School\PXL\2024-2025\Fullstack Java\Opdracht\Code\project-WesleyKissenPXL\backend-java\NewsPostsSystem)
2025-01-15T02:02:07.664+0100 DEBUG              [main]                         be.pxl.services.CommentServiceApp - Running with Spring Boot v3.3.5, Spring v6.1.14
2025-01-15T02:02:07.664+0100 INFO               [main]                         be.pxl.services.CommentServiceApp - No active profile set, falling back to 1 default profile: "default"
2025-01-15T02:02:11.564+0100 INFO               [main]                         be.pxl.services.CommentServiceApp - Started CommentServiceApp in 4.82 seconds (process running for 5.466)
2025-01-15T02:14:06.187+0100 INFO               [main]                         be.pxl.services.ReviewServiceApp - Starting ReviewServiceApp using Java 21.0.2 with PID 36232 (C:\School\PXL\2024-2025\Fullstack Java\Opdracht\Code\project-WesleyKissenPXL\backend-java\NewsPostsSystem\review-service\target\classes started by wesle in C:\School\PXL\2024-2025\Fullstack Java\Opdracht\Code\project-WesleyKissenPXL\backend-java\NewsPostsSystem)
2025-01-15T02:14:06.189+0100 DEBUG              [main]                         be.pxl.services.ReviewServiceApp - Running with Spring Boot v3.3.5, Spring v6.1.14
2025-01-15T02:14:06.190+0100 INFO               [main]                         be.pxl.services.ReviewServiceApp - No active profile set, falling back to 1 default profile: "default"
2025-01-15T02:14:10.748+0100 INFO               [main]                         be.pxl.services.ReviewServiceApp - Started ReviewServiceApp in 5.567 seconds (process running for 6.273)
2025-01-15T02:14:19.330+0100 INFO               [main]                         be.pxl.services.PostServiceApp - Starting PostServiceApp using Java 21.0.2 with PID 34140 (C:\School\PXL\2024-2025\Fullstack Java\Opdracht\Code\project-WesleyKissenPXL\backend-java\NewsPostsSystem\post-service\target\classes started by wesle in C:\School\PXL\2024-2025\Fullstack Java\Opdracht\Code\project-WesleyKissenPXL\backend-java\NewsPostsSystem)
2025-01-15T02:14:19.332+0100 INFO               [main]                         be.pxl.services.PostServiceApp - No active profile set, falling back to 1 default profile: "default"
2025-01-15T02:14:24.244+0100 INFO               [main]                         be.pxl.services.PostServiceApp - Started PostServiceApp in 5.861 seconds (process running for 6.541)
2025-01-15T02:14:28.445+0100 INFO               [main]                         be.pxl.services.CommentServiceApp - Starting CommentServiceApp using Java 21.0.2 with PID 23716 (C:\School\PXL\2024-2025\Fullstack Java\Opdracht\Code\project-WesleyKissenPXL\backend-java\NewsPostsSystem\comment-service\target\classes started by wesle in C:\School\PXL\2024-2025\Fullstack Java\Opdracht\Code\project-WesleyKissenPXL\backend-java\NewsPostsSystem)
2025-01-15T02:14:28.446+0100 DEBUG              [main]                         be.pxl.services.CommentServiceApp - Running with Spring Boot v3.3.5, Spring v6.1.14
2025-01-15T02:14:28.447+0100 INFO               [main]                         be.pxl.services.CommentServiceApp - No active profile set, falling back to 1 default profile: "default"
2025-01-15T02:14:32.363+0100 INFO               [main]                         be.pxl.services.CommentServiceApp - Started CommentServiceApp in 4.844 seconds (process running for 5.488)
2025-01-15T02:48:48.668+0100 INFO               [main]                         be.pxl.services.ReviewServiceApp - Starting ReviewServiceApp using Java 21.0.2 with PID 5008 (C:\School\PXL\2024-2025\Fullstack Java\Opdracht\Code\project-WesleyKissenPXL\backend-java\NewsPostsSystem\review-service\target\classes started by wesle in C:\School\PXL\2024-2025\Fullstack Java\Opdracht\Code\project-WesleyKissenPXL\backend-java\NewsPostsSystem)
2025-01-15T02:48:48.669+0100 DEBUG              [main]                         be.pxl.services.ReviewServiceApp - Running with Spring Boot v3.3.5, Spring v6.1.14
2025-01-15T02:48:48.670+0100 INFO               [main]                         be.pxl.services.ReviewServiceApp - No active profile set, falling back to 1 default profile: "default"
2025-01-15T02:48:53.122+0100 INFO               [main]                         be.pxl.services.ReviewServiceApp - Started ReviewServiceApp in 5.429 seconds (process running for 6.1)
2025-01-15T02:49:27.042+0100 INFO               [main]                         be.pxl.services.PostServiceApp - Starting PostServiceApp using Java 21.0.2 with PID 29112 (C:\School\PXL\2024-2025\Fullstack Java\Opdracht\Code\project-WesleyKissenPXL\backend-java\NewsPostsSystem\post-service\target\classes started by wesle in C:\School\PXL\2024-2025\Fullstack Java\Opdracht\Code\project-WesleyKissenPXL\backend-java\NewsPostsSystem)
2025-01-15T02:49:27.044+0100 INFO               [main]                         be.pxl.services.PostServiceApp - No active profile set, falling back to 1 default profile: "default"
2025-01-15T02:49:31.937+0100 INFO               [main]                         be.pxl.services.PostServiceApp - Started PostServiceApp in 6.003 seconds (process running for 6.802)
2025-01-15T02:49:37.868+0100 INFO               [main]                         be.pxl.services.CommentServiceApp - Starting CommentServiceApp using Java 21.0.2 with PID 36784 (C:\School\PXL\2024-2025\Fullstack Java\Opdracht\Code\project-WesleyKissenPXL\backend-java\NewsPostsSystem\comment-service\target\classes started by wesle in C:\School\PXL\2024-2025\Fullstack Java\Opdracht\Code\project-WesleyKissenPXL\backend-java\NewsPostsSystem)
2025-01-15T02:49:37.869+0100 DEBUG              [main]                         be.pxl.services.CommentServiceApp - Running with Spring Boot v3.3.5, Spring v6.1.14
2025-01-15T02:49:37.870+0100 INFO               [main]                         be.pxl.services.CommentServiceApp - No active profile set, falling back to 1 default profile: "default"
2025-01-15T02:49:41.920+0100 INFO               [main]                         be.pxl.services.CommentServiceApp - Started CommentServiceApp in 4.999 seconds (process running for 5.703)
2025-01-15T03:02:35.448+0100 INFO               [main]                         be.pxl.services.ReviewServiceApp - Starting ReviewServiceApp using Java 21.0.2 with PID 28644 (C:\School\PXL\2024-2025\Fullstack Java\Opdracht\Code\project-WesleyKissenPXL\backend-java\NewsPostsSystem\review-service\target\classes started by wesle in C:\School\PXL\2024-2025\Fullstack Java\Opdracht\Code\project-WesleyKissenPXL\backend-java\NewsPostsSystem)
2025-01-15T03:02:35.450+0100 DEBUG              [main]                         be.pxl.services.ReviewServiceApp - Running with Spring Boot v3.3.5, Spring v6.1.14
2025-01-15T03:02:35.450+0100 INFO               [main]                         be.pxl.services.ReviewServiceApp - No active profile set, falling back to 1 default profile: "default"
2025-01-15T03:02:40.122+0100 INFO               [main]                         be.pxl.services.ReviewServiceApp - Started ReviewServiceApp in 5.598 seconds (process running for 6.279)
2025-01-15T03:02:49.825+0100 INFO               [main]                         be.pxl.services.PostServiceApp - Starting PostServiceApp using Java 21.0.2 with PID 28676 (C:\School\PXL\2024-2025\Fullstack Java\Opdracht\Code\project-WesleyKissenPXL\backend-java\NewsPostsSystem\post-service\target\classes started by wesle in C:\School\PXL\2024-2025\Fullstack Java\Opdracht\Code\project-WesleyKissenPXL\backend-java\NewsPostsSystem)
2025-01-15T03:02:49.827+0100 INFO               [main]                         be.pxl.services.PostServiceApp - No active profile set, falling back to 1 default profile: "default"
2025-01-15T03:02:54.760+0100 INFO               [main]                         be.pxl.services.PostServiceApp - Started PostServiceApp in 5.979 seconds (process running for 6.72)
2025-01-15T03:03:04.525+0100 INFO               [main]                         be.pxl.services.CommentServiceApp - Starting CommentServiceApp using Java 21.0.2 with PID 28724 (C:\School\PXL\2024-2025\Fullstack Java\Opdracht\Code\project-WesleyKissenPXL\backend-java\NewsPostsSystem\comment-service\target\classes started by wesle in C:\School\PXL\2024-2025\Fullstack Java\Opdracht\Code\project-WesleyKissenPXL\backend-java\NewsPostsSystem)
2025-01-15T03:03:04.527+0100 DEBUG              [main]                         be.pxl.services.CommentServiceApp - Running with Spring Boot v3.3.5, Spring v6.1.14
2025-01-15T03:03:04.527+0100 INFO               [main]                         be.pxl.services.CommentServiceApp - No active profile set, falling back to 1 default profile: "default"
2025-01-15T03:03:08.863+0100 INFO               [main]                         be.pxl.services.CommentServiceApp - Started CommentServiceApp in 5.296 seconds (process running for 6.018)
2025-01-15T03:09:22.423+0100 INFO               [main]                         be.pxl.services.ReviewServiceApp - Starting ReviewServiceApp using Java 21.0.2 with PID 21524 (C:\School\PXL\2024-2025\Fullstack Java\Opdracht\Code\project-WesleyKissenPXL\backend-java\NewsPostsSystem\review-service\target\classes started by wesle in C:\School\PXL\2024-2025\Fullstack Java\Opdracht\Code\project-WesleyKissenPXL\backend-java\NewsPostsSystem)
2025-01-15T03:09:22.424+0100 DEBUG              [main]                         be.pxl.services.ReviewServiceApp - Running with Spring Boot v3.3.5, Spring v6.1.14
2025-01-15T03:09:22.424+0100 INFO               [main]                         be.pxl.services.ReviewServiceApp - No active profile set, falling back to 1 default profile: "default"
2025-01-15T03:09:27.635+0100 INFO               [main]                         be.pxl.services.ReviewServiceApp - Started ReviewServiceApp in 6.16 seconds (process running for 6.899)
2025-01-15T03:09:39.712+0100 INFO               [main]                         be.pxl.services.PostServiceApp - Starting PostServiceApp using Java 21.0.2 with PID 29932 (C:\School\PXL\2024-2025\Fullstack Java\Opdracht\Code\project-WesleyKissenPXL\backend-java\NewsPostsSystem\post-service\target\classes started by wesle in C:\School\PXL\2024-2025\Fullstack Java\Opdracht\Code\project-WesleyKissenPXL\backend-java\NewsPostsSystem)
2025-01-15T03:09:39.714+0100 INFO               [main]                         be.pxl.services.PostServiceApp - No active profile set, falling back to 1 default profile: "default"
2025-01-15T03:09:44.928+0100 INFO               [main]                         be.pxl.services.PostServiceApp - Started PostServiceApp in 6.544 seconds (process running for 7.453)
2025-01-15T03:09:50.142+0100 INFO               [main]                         be.pxl.services.CommentServiceApp - Starting CommentServiceApp using Java 21.0.2 with PID 8860 (C:\School\PXL\2024-2025\Fullstack Java\Opdracht\Code\project-WesleyKissenPXL\backend-java\NewsPostsSystem\comment-service\target\classes started by wesle in C:\School\PXL\2024-2025\Fullstack Java\Opdracht\Code\project-WesleyKissenPXL\backend-java\NewsPostsSystem)
2025-01-15T03:09:50.144+0100 DEBUG              [main]                         be.pxl.services.CommentServiceApp - Running with Spring Boot v3.3.5, Spring v6.1.14
2025-01-15T03:09:50.144+0100 INFO               [main]                         be.pxl.services.CommentServiceApp - No active profile set, falling back to 1 default profile: "default"
2025-01-15T03:09:54.392+0100 INFO               [main]                         be.pxl.services.CommentServiceApp - Started CommentServiceApp in 5.324 seconds (process running for 6.168)
2025-01-15T03:18:54.061+0100 INFO               [main]                         be.pxl.services.ReviewServiceApp - Starting ReviewServiceApp using Java 21.0.2 with PID 36712 (C:\School\PXL\2024-2025\Fullstack Java\Opdracht\Code\project-WesleyKissenPXL\backend-java\NewsPostsSystem\review-service\target\classes started by wesle in C:\School\PXL\2024-2025\Fullstack Java\Opdracht\Code\project-WesleyKissenPXL\backend-java\NewsPostsSystem)
2025-01-15T03:18:54.062+0100 DEBUG              [main]                         be.pxl.services.ReviewServiceApp - Running with Spring Boot v3.3.5, Spring v6.1.14
2025-01-15T03:18:54.063+0100 INFO               [main]                         be.pxl.services.ReviewServiceApp - No active profile set, falling back to 1 default profile: "default"
2025-01-15T03:18:59.480+0100 INFO               [main]                         be.pxl.services.ReviewServiceApp - Started ReviewServiceApp in 6.576 seconds (process running for 7.352)
2025-01-15T03:19:08.144+0100 INFO               [main]                         be.pxl.services.PostServiceApp - Starting PostServiceApp using Java 21.0.2 with PID 32932 (C:\School\PXL\2024-2025\Fullstack Java\Opdracht\Code\project-WesleyKissenPXL\backend-java\NewsPostsSystem\post-service\target\classes started by wesle in C:\School\PXL\2024-2025\Fullstack Java\Opdracht\Code\project-WesleyKissenPXL\backend-java\NewsPostsSystem)
2025-01-15T03:19:08.146+0100 INFO               [main]                         be.pxl.services.PostServiceApp - No active profile set, falling back to 1 default profile: "default"
2025-01-15T03:19:13.533+0100 INFO               [main]                         be.pxl.services.PostServiceApp - Started PostServiceApp in 6.62 seconds (process running for 7.465)
2025-01-15T03:19:18.902+0100 INFO               [main]                         be.pxl.services.CommentServiceApp - Starting CommentServiceApp using Java 21.0.2 with PID 476 (C:\School\PXL\2024-2025\Fullstack Java\Opdracht\Code\project-WesleyKissenPXL\backend-java\NewsPostsSystem\comment-service\target\classes started by wesle in C:\School\PXL\2024-2025\Fullstack Java\Opdracht\Code\project-WesleyKissenPXL\backend-java\NewsPostsSystem)
2025-01-15T03:19:18.903+0100 DEBUG              [main]                         be.pxl.services.CommentServiceApp - Running with Spring Boot v3.3.5, Spring v6.1.14
2025-01-15T03:19:18.904+0100 INFO               [main]                         be.pxl.services.CommentServiceApp - No active profile set, falling back to 1 default profile: "default"
2025-01-15T03:19:23.057+0100 INFO               [main]                         be.pxl.services.CommentServiceApp - Started CommentServiceApp in 5.276 seconds (process running for 6.231)
2025-01-15T11:16:13.577+0100 INFO               [main]                         be.pxl.services.ReviewServiceApp - Starting ReviewServiceApp using Java 21.0.2 with PID 36404 (C:\School\PXL\2024-2025\Fullstack Java\Opdracht\Code\project-WesleyKissenPXL\backend-java\NewsPostsSystem\review-service\target\classes started by wesle in C:\School\PXL\2024-2025\Fullstack Java\Opdracht\Code\project-WesleyKissenPXL\backend-java\NewsPostsSystem)
2025-01-15T11:16:13.578+0100 DEBUG              [main]                         be.pxl.services.ReviewServiceApp - Running with Spring Boot v3.3.5, Spring v6.1.14
2025-01-15T11:16:13.579+0100 INFO               [main]                         be.pxl.services.ReviewServiceApp - No active profile set, falling back to 1 default profile: "default"
2025-01-15T11:16:19.039+0100 INFO               [main]                         be.pxl.services.ReviewServiceApp - Started ReviewServiceApp in 6.542 seconds (process running for 7.364)
2025-01-15T11:16:27.828+0100 INFO               [main]                         be.pxl.services.PostServiceApp - Starting PostServiceApp using Java 21.0.2 with PID 37656 (C:\School\PXL\2024-2025\Fullstack Java\Opdracht\Code\project-WesleyKissenPXL\backend-java\NewsPostsSystem\post-service\target\classes started by wesle in C:\School\PXL\2024-2025\Fullstack Java\Opdracht\Code\project-WesleyKissenPXL\backend-java\NewsPostsSystem)
2025-01-15T11:16:27.830+0100 INFO               [main]                         be.pxl.services.PostServiceApp - No active profile set, falling back to 1 default profile: "default"
2025-01-15T11:16:33.546+0100 INFO               [main]                         be.pxl.services.PostServiceApp - Started PostServiceApp in 6.779 seconds (process running for 7.58)
2025-01-15T11:16:38.750+0100 INFO               [main]                         be.pxl.services.CommentServiceApp - Starting CommentServiceApp using Java 21.0.2 with PID 39984 (C:\School\PXL\2024-2025\Fullstack Java\Opdracht\Code\project-WesleyKissenPXL\backend-java\NewsPostsSystem\comment-service\target\classes started by wesle in C:\School\PXL\2024-2025\Fullstack Java\Opdracht\Code\project-WesleyKissenPXL\backend-java\NewsPostsSystem)
2025-01-15T11:16:38.752+0100 DEBUG              [main]                         be.pxl.services.CommentServiceApp - Running with Spring Boot v3.3.5, Spring v6.1.14
2025-01-15T11:16:38.752+0100 INFO               [main]                         be.pxl.services.CommentServiceApp - No active profile set, falling back to 1 default profile: "default"
2025-01-15T11:16:43.208+0100 INFO               [main]                         be.pxl.services.CommentServiceApp - Started CommentServiceApp in 5.629 seconds (process running for 6.41)
2025-01-15T14:22:26.768+0100 INFO               [main]                         be.pxl.services.ReviewServiceApp - Starting ReviewServiceApp using Java 21.0.2 with PID 34732 (C:\School\PXL\2024-2025\Fullstack Java\Opdracht\Code\project-WesleyKissenPXL\backend-java\NewsPostsSystem\review-service\target\classes started by wesle in C:\School\PXL\2024-2025\Fullstack Java\Opdracht\Code\project-WesleyKissenPXL\backend-java\NewsPostsSystem)
2025-01-15T14:22:26.769+0100 DEBUG              [main]                         be.pxl.services.ReviewServiceApp - Running with Spring Boot v3.3.5, Spring v6.1.14
2025-01-15T14:22:26.770+0100 INFO               [main]                         be.pxl.services.ReviewServiceApp - No active profile set, falling back to 1 default profile: "default"
2025-01-15T14:22:32.240+0100 INFO               [main]                         be.pxl.services.ReviewServiceApp - Started ReviewServiceApp in 6.545 seconds (process running for 7.332)
2025-01-15T14:22:42.421+0100 INFO               [main]                         be.pxl.services.PostServiceApp - Starting PostServiceApp using Java 21.0.2 with PID 7680 (C:\School\PXL\2024-2025\Fullstack Java\Opdracht\Code\project-WesleyKissenPXL\backend-java\NewsPostsSystem\post-service\target\classes started by wesle in C:\School\PXL\2024-2025\Fullstack Java\Opdracht\Code\project-WesleyKissenPXL\backend-java\NewsPostsSystem)
2025-01-15T14:22:42.422+0100 INFO               [main]                         be.pxl.services.PostServiceApp - No active profile set, falling back to 1 default profile: "default"
2025-01-15T14:22:47.758+0100 INFO               [main]                         be.pxl.services.PostServiceApp - Started PostServiceApp in 6.332 seconds (process running for 7.174)
2025-01-15T14:22:56.722+0100 INFO               [main]                         be.pxl.services.CommentServiceApp - Starting CommentServiceApp using Java 21.0.2 with PID 33880 (C:\School\PXL\2024-2025\Fullstack Java\Opdracht\Code\project-WesleyKissenPXL\backend-java\NewsPostsSystem\comment-service\target\classes started by wesle in C:\School\PXL\2024-2025\Fullstack Java\Opdracht\Code\project-WesleyKissenPXL\backend-java\NewsPostsSystem)
2025-01-15T14:22:56.723+0100 DEBUG              [main]                         be.pxl.services.CommentServiceApp - Running with Spring Boot v3.3.5, Spring v6.1.14
2025-01-15T14:22:56.724+0100 INFO               [main]                         be.pxl.services.CommentServiceApp - No active profile set, falling back to 1 default profile: "default"
2025-01-15T14:23:01.287+0100 INFO               [main]                         be.pxl.services.CommentServiceApp - Started CommentServiceApp in 5.609 seconds (process running for 6.349)
2025-01-15T14:31:33.078+0100 INFO               [main]                         be.pxl.services.ReviewServiceApp - Starting ReviewServiceApp using Java 21.0.2 with PID 40384 (C:\School\PXL\2024-2025\Fullstack Java\Opdracht\Code\project-WesleyKissenPXL\backend-java\NewsPostsSystem\review-service\target\classes started by wesle in C:\School\PXL\2024-2025\Fullstack Java\Opdracht\Code\project-WesleyKissenPXL\backend-java\NewsPostsSystem)
2025-01-15T14:31:33.080+0100 DEBUG              [main]                         be.pxl.services.ReviewServiceApp - Running with Spring Boot v3.3.5, Spring v6.1.14
2025-01-15T14:31:33.080+0100 INFO               [main]                         be.pxl.services.ReviewServiceApp - No active profile set, falling back to 1 default profile: "default"
2025-01-15T14:31:37.875+0100 INFO               [main]                         be.pxl.services.ReviewServiceApp - Started ReviewServiceApp in 5.786 seconds (process running for 6.582)
2025-01-15T14:31:47.428+0100 INFO               [main]                         be.pxl.services.PostServiceApp - Starting PostServiceApp using Java 21.0.2 with PID 43568 (C:\School\PXL\2024-2025\Fullstack Java\Opdracht\Code\project-WesleyKissenPXL\backend-java\NewsPostsSystem\post-service\target\classes started by wesle in C:\School\PXL\2024-2025\Fullstack Java\Opdracht\Code\project-WesleyKissenPXL\backend-java\NewsPostsSystem)
2025-01-15T14:31:47.430+0100 INFO               [main]                         be.pxl.services.PostServiceApp - No active profile set, falling back to 1 default profile: "default"
2025-01-15T14:31:53.018+0100 INFO               [main]                         be.pxl.services.PostServiceApp - Started PostServiceApp in 6.657 seconds (process running for 7.447)
2025-01-15T14:31:59.544+0100 INFO               [main]                         be.pxl.services.CommentServiceApp - Starting CommentServiceApp using Java 21.0.2 with PID 39368 (C:\School\PXL\2024-2025\Fullstack Java\Opdracht\Code\project-WesleyKissenPXL\backend-java\NewsPostsSystem\comment-service\target\classes started by wesle in C:\School\PXL\2024-2025\Fullstack Java\Opdracht\Code\project-WesleyKissenPXL\backend-java\NewsPostsSystem)
2025-01-15T14:31:59.545+0100 DEBUG              [main]                         be.pxl.services.CommentServiceApp - Running with Spring Boot v3.3.5, Spring v6.1.14
2025-01-15T14:31:59.545+0100 INFO               [main]                         be.pxl.services.CommentServiceApp - No active profile set, falling back to 1 default profile: "default"
2025-01-15T14:32:04.050+0100 INFO               [main]                         be.pxl.services.CommentServiceApp - Started CommentServiceApp in 5.49 seconds (process running for 6.25)
2025-01-15T14:44:23.783+0100 INFO               [main]                         be.pxl.services.ReviewServiceApp - Starting ReviewServiceApp using Java 21.0.2 with PID 26304 (C:\School\PXL\2024-2025\Fullstack Java\Opdracht\Code\project-WesleyKissenPXL\backend-java\NewsPostsSystem\review-service\target\classes started by wesle in C:\School\PXL\2024-2025\Fullstack Java\Opdracht\Code\project-WesleyKissenPXL\backend-java\NewsPostsSystem)
2025-01-15T14:44:23.784+0100 DEBUG              [main]                         be.pxl.services.ReviewServiceApp - Running with Spring Boot v3.3.5, Spring v6.1.14
2025-01-15T14:44:23.784+0100 INFO               [main]                         be.pxl.services.ReviewServiceApp - No active profile set, falling back to 1 default profile: "default"
2025-01-15T14:44:28.434+0100 INFO               [main]                         be.pxl.services.ReviewServiceApp - Started ReviewServiceApp in 5.597 seconds (process running for 6.447)
2025-01-15T14:44:33.615+0100 INFO               [main]                         be.pxl.services.PostServiceApp - Starting PostServiceApp using Java 21.0.2 with PID 15752 (C:\School\PXL\2024-2025\Fullstack Java\Opdracht\Code\project-WesleyKissenPXL\backend-java\NewsPostsSystem\post-service\target\classes started by wesle in C:\School\PXL\2024-2025\Fullstack Java\Opdracht\Code\project-WesleyKissenPXL\backend-java\NewsPostsSystem)
2025-01-15T14:44:33.616+0100 INFO               [main]                         be.pxl.services.PostServiceApp - No active profile set, falling back to 1 default profile: "default"
2025-01-15T14:44:38.514+0100 INFO               [main]                         be.pxl.services.PostServiceApp - Started PostServiceApp in 5.904 seconds (process running for 6.604)
2025-01-15T14:44:42.943+0100 INFO               [main]                         be.pxl.services.CommentServiceApp - Starting CommentServiceApp using Java 21.0.2 with PID 3064 (C:\School\PXL\2024-2025\Fullstack Java\Opdracht\Code\project-WesleyKissenPXL\backend-java\NewsPostsSystem\comment-service\target\classes started by wesle in C:\School\PXL\2024-2025\Fullstack Java\Opdracht\Code\project-WesleyKissenPXL\backend-java\NewsPostsSystem)
2025-01-15T14:44:42.944+0100 DEBUG              [main]                         be.pxl.services.CommentServiceApp - Running with Spring Boot v3.3.5, Spring v6.1.14
2025-01-15T14:44:42.945+0100 INFO               [main]                         be.pxl.services.CommentServiceApp - No active profile set, falling back to 1 default profile: "default"
2025-01-15T14:44:47.451+0100 INFO               [main]                         be.pxl.services.CommentServiceApp - Started CommentServiceApp in 5.597 seconds (process running for 6.371)
2025-01-15T15:03:55.206+0100 INFO               [main]                         be.pxl.services.ReviewServiceApp - Starting ReviewServiceApp using Java 21.0.2 with PID 35716 (C:\School\PXL\2024-2025\Fullstack Java\Opdracht\Code\project-WesleyKissenPXL\backend-java\NewsPostsSystem\review-service\target\classes started by wesle in C:\School\PXL\2024-2025\Fullstack Java\Opdracht\Code\project-WesleyKissenPXL\backend-java\NewsPostsSystem)
2025-01-15T15:03:55.207+0100 DEBUG              [main]                         be.pxl.services.ReviewServiceApp - Running with Spring Boot v3.3.5, Spring v6.1.14
2025-01-15T15:03:55.207+0100 INFO               [main]                         be.pxl.services.ReviewServiceApp - No active profile set, falling back to 1 default profile: "default"
2025-01-15T15:04:00.685+0100 INFO               [main]                         be.pxl.services.ReviewServiceApp - Started ReviewServiceApp in 6.522 seconds (process running for 7.315)
2025-01-15T15:04:11.016+0100 INFO               [main]                         be.pxl.services.PostServiceApp - Starting PostServiceApp using Java 21.0.2 with PID 36412 (C:\School\PXL\2024-2025\Fullstack Java\Opdracht\Code\project-WesleyKissenPXL\backend-java\NewsPostsSystem\post-service\target\classes started by wesle in C:\School\PXL\2024-2025\Fullstack Java\Opdracht\Code\project-WesleyKissenPXL\backend-java\NewsPostsSystem)
2025-01-15T15:04:11.021+0100 INFO               [main]                         be.pxl.services.PostServiceApp - No active profile set, falling back to 1 default profile: "default"
2025-01-15T15:04:16.987+0100 INFO               [main]                         be.pxl.services.PostServiceApp - Started PostServiceApp in 7.102 seconds (process running for 7.959)
2025-01-15T15:04:22.218+0100 INFO               [main]                         be.pxl.services.CommentServiceApp - Starting CommentServiceApp using Java 21.0.2 with PID 14156 (C:\School\PXL\2024-2025\Fullstack Java\Opdracht\Code\project-WesleyKissenPXL\backend-java\NewsPostsSystem\comment-service\target\classes started by wesle in C:\School\PXL\2024-2025\Fullstack Java\Opdracht\Code\project-WesleyKissenPXL\backend-java\NewsPostsSystem)
2025-01-15T15:04:22.219+0100 DEBUG              [main]                         be.pxl.services.CommentServiceApp - Running with Spring Boot v3.3.5, Spring v6.1.14
2025-01-15T15:04:22.220+0100 INFO               [main]                         be.pxl.services.CommentServiceApp - No active profile set, falling back to 1 default profile: "default"
2025-01-15T15:04:27.156+0100 INFO               [main]                         be.pxl.services.CommentServiceApp - Started CommentServiceApp in 5.933 seconds (process running for 6.833)
2025-01-15T15:15:26.634+0100 INFO               [main]                         be.pxl.services.ReviewServiceApp - Starting ReviewServiceApp using Java 21.0.2 with PID 16196 (C:\School\PXL\2024-2025\Fullstack Java\Opdracht\Code\project-WesleyKissenPXL\backend-java\NewsPostsSystem\review-service\target\classes started by wesle in C:\School\PXL\2024-2025\Fullstack Java\Opdracht\Code\project-WesleyKissenPXL\backend-java\NewsPostsSystem)
2025-01-15T15:15:26.635+0100 DEBUG              [main]                         be.pxl.services.ReviewServiceApp - Running with Spring Boot v3.3.5, Spring v6.1.14
2025-01-15T15:15:26.636+0100 INFO               [main]                         be.pxl.services.ReviewServiceApp - No active profile set, falling back to 1 default profile: "default"
2025-01-15T15:15:31.683+0100 INFO               [main]                         be.pxl.services.ReviewServiceApp - Started ReviewServiceApp in 6.025 seconds (process running for 7.013)
2025-01-15T15:15:39.027+0100 INFO               [main]                         be.pxl.services.PostServiceApp - Starting PostServiceApp using Java 21.0.2 with PID 43236 (C:\School\PXL\2024-2025\Fullstack Java\Opdracht\Code\project-WesleyKissenPXL\backend-java\NewsPostsSystem\post-service\target\classes started by wesle in C:\School\PXL\2024-2025\Fullstack Java\Opdracht\Code\project-WesleyKissenPXL\backend-java\NewsPostsSystem)
2025-01-15T15:15:39.032+0100 INFO               [main]                         be.pxl.services.PostServiceApp - No active profile set, falling back to 1 default profile: "default"
2025-01-15T15:15:44.838+0100 INFO               [main]                         be.pxl.services.PostServiceApp - Started PostServiceApp in 6.744 seconds (process running for 7.452)
2025-01-15T15:15:52.486+0100 INFO               [main]                         be.pxl.services.CommentServiceApp - Starting CommentServiceApp using Java 21.0.2 with PID 39668 (C:\School\PXL\2024-2025\Fullstack Java\Opdracht\Code\project-WesleyKissenPXL\backend-java\NewsPostsSystem\comment-service\target\classes started by wesle in C:\School\PXL\2024-2025\Fullstack Java\Opdracht\Code\project-WesleyKissenPXL\backend-java\NewsPostsSystem)
2025-01-15T15:15:52.487+0100 DEBUG              [main]                         be.pxl.services.CommentServiceApp - Running with Spring Boot v3.3.5, Spring v6.1.14
2025-01-15T15:15:52.488+0100 INFO               [main]                         be.pxl.services.CommentServiceApp - No active profile set, falling back to 1 default profile: "default"
2025-01-15T15:15:56.671+0100 INFO               [main]                         be.pxl.services.CommentServiceApp - Started CommentServiceApp in 5.189 seconds (process running for 5.846)
2025-01-15T15:56:08.997+0100 INFO               [main]                         be.pxl.services.ReviewServiceApp - Starting ReviewServiceApp using Java 21.0.2 with PID 41252 (C:\School\PXL\2024-2025\Fullstack Java\Opdracht\Code\project-WesleyKissenPXL\backend-java\NewsPostsSystem\review-service\target\classes started by wesle in C:\School\PXL\2024-2025\Fullstack Java\Opdracht\Code\project-WesleyKissenPXL\backend-java\NewsPostsSystem)
2025-01-15T15:56:08.998+0100 DEBUG              [main]                         be.pxl.services.ReviewServiceApp - Running with Spring Boot v3.3.5, Spring v6.1.14
2025-01-15T15:56:08.999+0100 INFO               [main]                         be.pxl.services.ReviewServiceApp - No active profile set, falling back to 1 default profile: "default"
2025-01-15T15:56:13.636+0100 INFO               [main]                         be.pxl.services.ReviewServiceApp - Started ReviewServiceApp in 5.566 seconds (process running for 6.268)
2025-01-15T15:56:23.218+0100 INFO               [main]                         be.pxl.services.PostServiceApp - Starting PostServiceApp using Java 21.0.2 with PID 38388 (C:\School\PXL\2024-2025\Fullstack Java\Opdracht\Code\project-WesleyKissenPXL\backend-java\NewsPostsSystem\post-service\target\classes started by wesle in C:\School\PXL\2024-2025\Fullstack Java\Opdracht\Code\project-WesleyKissenPXL\backend-java\NewsPostsSystem)
2025-01-15T15:56:23.220+0100 INFO               [main]                         be.pxl.services.PostServiceApp - No active profile set, falling back to 1 default profile: "default"
2025-01-15T15:56:28.004+0100 INFO               [main]                         be.pxl.services.PostServiceApp - Started PostServiceApp in 5.708 seconds (process running for 6.387)
2025-01-15T15:56:32.824+0100 INFO               [main]                         be.pxl.services.CommentServiceApp - Starting CommentServiceApp using Java 21.0.2 with PID 30952 (C:\School\PXL\2024-2025\Fullstack Java\Opdracht\Code\project-WesleyKissenPXL\backend-java\NewsPostsSystem\comment-service\target\classes started by wesle in C:\School\PXL\2024-2025\Fullstack Java\Opdracht\Code\project-WesleyKissenPXL\backend-java\NewsPostsSystem)
2025-01-15T15:56:32.826+0100 DEBUG              [main]                         be.pxl.services.CommentServiceApp - Running with Spring Boot v3.3.5, Spring v6.1.14
2025-01-15T15:56:32.827+0100 INFO               [main]                         be.pxl.services.CommentServiceApp - No active profile set, falling back to 1 default profile: "default"
2025-01-15T15:56:37.050+0100 INFO               [main]                         be.pxl.services.CommentServiceApp - Started CommentServiceApp in 5.267 seconds (process running for 5.953)
2025-01-15T16:02:19.104+0100 INFO               [main]                         be.pxl.services.ReviewServiceApp - Starting ReviewServiceApp using Java 21.0.2 with PID 43852 (C:\School\PXL\2024-2025\Fullstack Java\Opdracht\Code\project-WesleyKissenPXL\backend-java\NewsPostsSystem\review-service\target\classes started by wesle in C:\School\PXL\2024-2025\Fullstack Java\Opdracht\Code\project-WesleyKissenPXL\backend-java\NewsPostsSystem)
2025-01-15T16:02:19.105+0100 DEBUG              [main]                         be.pxl.services.ReviewServiceApp - Running with Spring Boot v3.3.5, Spring v6.1.14
2025-01-15T16:02:19.105+0100 INFO               [main]                         be.pxl.services.ReviewServiceApp - No active profile set, falling back to 1 default profile: "default"
2025-01-15T16:02:23.531+0100 INFO               [main]                         be.pxl.services.ReviewServiceApp - Started ReviewServiceApp in 5.374 seconds (process running for 6.042)
2025-01-15T16:02:37.065+0100 INFO               [main]                         be.pxl.services.ReviewServiceApp - Starting ReviewServiceApp using Java 21.0.2 with PID 14664 (C:\School\PXL\2024-2025\Fullstack Java\Opdracht\Code\project-WesleyKissenPXL\backend-java\NewsPostsSystem\review-service\target\classes started by wesle in C:\School\PXL\2024-2025\Fullstack Java\Opdracht\Code\project-WesleyKissenPXL\backend-java\NewsPostsSystem)
2025-01-15T16:02:37.067+0100 DEBUG              [main]                         be.pxl.services.ReviewServiceApp - Running with Spring Boot v3.3.5, Spring v6.1.14
2025-01-15T16:02:37.067+0100 INFO               [main]                         be.pxl.services.ReviewServiceApp - No active profile set, falling back to 1 default profile: "default"
2025-01-15T16:02:41.869+0100 INFO               [main]                         be.pxl.services.ReviewServiceApp - Started ReviewServiceApp in 5.768 seconds (process running for 6.652)
2025-01-15T16:02:47.161+0100 INFO               [main]                         be.pxl.services.PostServiceApp - Starting PostServiceApp using Java 21.0.2 with PID 22216 (C:\School\PXL\2024-2025\Fullstack Java\Opdracht\Code\project-WesleyKissenPXL\backend-java\NewsPostsSystem\post-service\target\classes started by wesle in C:\School\PXL\2024-2025\Fullstack Java\Opdracht\Code\project-WesleyKissenPXL\backend-java\NewsPostsSystem)
2025-01-15T16:02:47.162+0100 INFO               [main]                         be.pxl.services.PostServiceApp - No active profile set, falling back to 1 default profile: "default"
2025-01-15T16:02:51.866+0100 INFO               [main]                         be.pxl.services.PostServiceApp - Started PostServiceApp in 5.642 seconds (process running for 6.347)
2025-01-15T16:02:56.045+0100 INFO               [main]                         be.pxl.services.CommentServiceApp - Starting CommentServiceApp using Java 21.0.2 with PID 25700 (C:\School\PXL\2024-2025\Fullstack Java\Opdracht\Code\project-WesleyKissenPXL\backend-java\NewsPostsSystem\comment-service\target\classes started by wesle in C:\School\PXL\2024-2025\Fullstack Java\Opdracht\Code\project-WesleyKissenPXL\backend-java\NewsPostsSystem)
2025-01-15T16:02:56.047+0100 DEBUG              [main]                         be.pxl.services.CommentServiceApp - Running with Spring Boot v3.3.5, Spring v6.1.14
2025-01-15T16:02:56.047+0100 INFO               [main]                         be.pxl.services.CommentServiceApp - No active profile set, falling back to 1 default profile: "default"
2025-01-15T16:02:59.915+0100 INFO               [main]                         be.pxl.services.CommentServiceApp - Started CommentServiceApp in 4.793 seconds (process running for 5.476)
2025-01-15T18:24:50.399+0100 INFO               [main]                         be.pxl.services.ReviewServiceApp - Starting ReviewServiceApp using Java 21.0.2 with PID 10824 (C:\School\PXL\2024-2025\Fullstack Java\Opdracht\Code\project-WesleyKissenPXL\backend-java\NewsPostsSystem\review-service\target\classes started by wesle in C:\School\PXL\2024-2025\Fullstack Java\Opdracht\Code\project-WesleyKissenPXL\backend-java\NewsPostsSystem)
2025-01-15T18:24:50.401+0100 DEBUG              [main]                         be.pxl.services.ReviewServiceApp - Running with Spring Boot v3.3.5, Spring v6.1.14
2025-01-15T18:24:50.401+0100 INFO               [main]                         be.pxl.services.ReviewServiceApp - No active profile set, falling back to 1 default profile: "default"
2025-01-15T18:24:55.254+0100 INFO               [main]                         be.pxl.services.ReviewServiceApp - Started ReviewServiceApp in 5.888 seconds (process running for 6.662)
2025-01-15T18:25:05.024+0100 INFO               [main]                         be.pxl.services.PostServiceApp - Starting PostServiceApp using Java 21.0.2 with PID 37904 (C:\School\PXL\2024-2025\Fullstack Java\Opdracht\Code\project-WesleyKissenPXL\backend-java\NewsPostsSystem\post-service\target\classes started by wesle in C:\School\PXL\2024-2025\Fullstack Java\Opdracht\Code\project-WesleyKissenPXL\backend-java\NewsPostsSystem)
2025-01-15T18:25:05.027+0100 INFO               [main]                         be.pxl.services.PostServiceApp - No active profile set, falling back to 1 default profile: "default"
2025-01-15T18:25:10.457+0100 INFO               [main]                         be.pxl.services.PostServiceApp - Started PostServiceApp in 6.451 seconds (process running for 7.221)
2025-01-15T18:25:18.326+0100 INFO               [main]                         be.pxl.services.CommentServiceApp - Starting CommentServiceApp using Java 21.0.2 with PID 38664 (C:\School\PXL\2024-2025\Fullstack Java\Opdracht\Code\project-WesleyKissenPXL\backend-java\NewsPostsSystem\comment-service\target\classes started by wesle in C:\School\PXL\2024-2025\Fullstack Java\Opdracht\Code\project-WesleyKissenPXL\backend-java\NewsPostsSystem)
2025-01-15T18:25:18.328+0100 DEBUG              [main]                         be.pxl.services.CommentServiceApp - Running with Spring Boot v3.3.5, Spring v6.1.14
2025-01-15T18:25:18.329+0100 INFO               [main]                         be.pxl.services.CommentServiceApp - No active profile set, falling back to 1 default profile: "default"
2025-01-15T18:25:22.795+0100 INFO               [main]                         be.pxl.services.CommentServiceApp - Started CommentServiceApp in 5.685 seconds (process running for 6.488)
2025-01-15T18:53:17.856+0100 INFO               [main]                         be.pxl.services.ReviewServiceApp - Starting ReviewServiceApp using Java 21.0.2 with PID 3392 (C:\School\PXL\2024-2025\Fullstack Java\Opdracht\Code\project-WesleyKissenPXL\backend-java\NewsPostsSystem\review-service\target\classes started by wesle in C:\School\PXL\2024-2025\Fullstack Java\Opdracht\Code\project-WesleyKissenPXL\backend-java\NewsPostsSystem)
2025-01-15T18:53:17.857+0100 DEBUG              [main]                         be.pxl.services.ReviewServiceApp - Running with Spring Boot v3.3.5, Spring v6.1.14
2025-01-15T18:53:17.859+0100 INFO               [main]                         be.pxl.services.ReviewServiceApp - No active profile set, falling back to 1 default profile: "default"
2025-01-15T18:53:23.140+0100 INFO               [main]                         be.pxl.services.ReviewServiceApp - Started ReviewServiceApp in 6.229 seconds (process running for 6.919)
2025-01-15T18:53:31.969+0100 INFO               [main]                         be.pxl.services.PostServiceApp - Starting PostServiceApp using Java 21.0.2 with PID 43024 (C:\School\PXL\2024-2025\Fullstack Java\Opdracht\Code\project-WesleyKissenPXL\backend-java\NewsPostsSystem\post-service\target\classes started by wesle in C:\School\PXL\2024-2025\Fullstack Java\Opdracht\Code\project-WesleyKissenPXL\backend-java\NewsPostsSystem)
2025-01-15T18:53:31.972+0100 INFO               [main]                         be.pxl.services.PostServiceApp - No active profile set, falling back to 1 default profile: "default"
2025-01-15T18:53:37.167+0100 INFO               [main]                         be.pxl.services.PostServiceApp - Started PostServiceApp in 6.237 seconds (process running for 6.993)
2025-01-15T18:53:41.194+0100 INFO               [main]                         be.pxl.services.CommentServiceApp - Starting CommentServiceApp using Java 21.0.2 with PID 13828 (C:\School\PXL\2024-2025\Fullstack Java\Opdracht\Code\project-WesleyKissenPXL\backend-java\NewsPostsSystem\comment-service\target\classes started by wesle in C:\School\PXL\2024-2025\Fullstack Java\Opdracht\Code\project-WesleyKissenPXL\backend-java\NewsPostsSystem)
2025-01-15T18:53:41.195+0100 DEBUG              [main]                         be.pxl.services.CommentServiceApp - Running with Spring Boot v3.3.5, Spring v6.1.14
2025-01-15T18:53:41.196+0100 INFO               [main]                         be.pxl.services.CommentServiceApp - No active profile set, falling back to 1 default profile: "default"
2025-01-15T18:53:45.418+0100 INFO               [main]                         be.pxl.services.CommentServiceApp - Started CommentServiceApp in 5.127 seconds (process running for 5.878)
2025-01-15T19:19:32.562+0100 INFO               [main]                         be.pxl.services.ReviewServiceApp - Starting ReviewServiceApp using Java 21.0.2 with PID 40748 (C:\School\PXL\2024-2025\Fullstack Java\Opdracht\Code\project-WesleyKissenPXL\backend-java\NewsPostsSystem\review-service\target\classes started by wesle in C:\School\PXL\2024-2025\Fullstack Java\Opdracht\Code\project-WesleyKissenPXL\backend-java\NewsPostsSystem)
2025-01-15T19:19:32.563+0100 DEBUG              [main]                         be.pxl.services.ReviewServiceApp - Running with Spring Boot v3.3.5, Spring v6.1.14
2025-01-15T19:19:32.564+0100 INFO               [main]                         be.pxl.services.ReviewServiceApp - No active profile set, falling back to 1 default profile: "default"
2025-01-15T19:19:36.944+0100 INFO               [main]                         be.pxl.services.ReviewServiceApp - Started ReviewServiceApp in 5.261 seconds (process running for 5.95)
2025-01-15T19:19:44.838+0100 INFO               [main]                         be.pxl.services.PostServiceApp - Starting PostServiceApp using Java 21.0.2 with PID 40652 (C:\School\PXL\2024-2025\Fullstack Java\Opdracht\Code\project-WesleyKissenPXL\backend-java\NewsPostsSystem\post-service\target\classes started by wesle in C:\School\PXL\2024-2025\Fullstack Java\Opdracht\Code\project-WesleyKissenPXL\backend-java\NewsPostsSystem)
2025-01-15T19:19:44.839+0100 INFO               [main]                         be.pxl.services.PostServiceApp - No active profile set, falling back to 1 default profile: "default"
2025-01-15T19:19:49.827+0100 INFO               [main]                         be.pxl.services.PostServiceApp - Started PostServiceApp in 5.938 seconds (process running for 6.633)
2025-01-15T19:19:53.933+0100 INFO               [main]                         be.pxl.services.CommentServiceApp - Starting CommentServiceApp using Java 21.0.2 with PID 17728 (C:\School\PXL\2024-2025\Fullstack Java\Opdracht\Code\project-WesleyKissenPXL\backend-java\NewsPostsSystem\comment-service\target\classes started by wesle in C:\School\PXL\2024-2025\Fullstack Java\Opdracht\Code\project-WesleyKissenPXL\backend-java\NewsPostsSystem)
2025-01-15T19:19:53.934+0100 DEBUG              [main]                         be.pxl.services.CommentServiceApp - Running with Spring Boot v3.3.5, Spring v6.1.14
2025-01-15T19:19:53.936+0100 INFO               [main]                         be.pxl.services.CommentServiceApp - No active profile set, falling back to 1 default profile: "default"
2025-01-15T19:19:57.902+0100 INFO               [main]                         be.pxl.services.CommentServiceApp - Started CommentServiceApp in 4.885 seconds (process running for 5.557)
2025-01-15T20:42:39.828+0100 INFO               [main]                         be.pxl.services.ReviewServiceApp - Starting ReviewServiceApp using Java 21.0.2 with PID 23268 (C:\School\PXL\2024-2025\Fullstack Java\Opdracht\Code\project-WesleyKissenPXL\backend-java\NewsPostsSystem\review-service\target\classes started by wesle in C:\School\PXL\2024-2025\Fullstack Java\Opdracht\Code\project-WesleyKissenPXL\backend-java\NewsPostsSystem)
2025-01-15T20:42:39.830+0100 DEBUG              [main]                         be.pxl.services.ReviewServiceApp - Running with Spring Boot v3.3.5, Spring v6.1.14
2025-01-15T20:42:39.831+0100 INFO               [main]                         be.pxl.services.ReviewServiceApp - No active profile set, falling back to 1 default profile: "default"
2025-01-15T20:42:45.529+0100 INFO               [main]                         be.pxl.services.ReviewServiceApp - Started ReviewServiceApp in 6.936 seconds (process running for 7.817)
2025-01-15T20:42:49.807+0100 INFO               [main]                         be.pxl.services.PostServiceApp - Starting PostServiceApp using Java 21.0.2 with PID 31144 (C:\School\PXL\2024-2025\Fullstack Java\Opdracht\Code\project-WesleyKissenPXL\backend-java\NewsPostsSystem\post-service\target\classes started by wesle in C:\School\PXL\2024-2025\Fullstack Java\Opdracht\Code\project-WesleyKissenPXL\backend-java\NewsPostsSystem)
2025-01-15T20:42:49.809+0100 INFO               [main]                         be.pxl.services.PostServiceApp - No active profile set, falling back to 1 default profile: "default"
2025-01-15T20:42:55.551+0100 INFO               [main]                         be.pxl.services.PostServiceApp - Started PostServiceApp in 6.8 seconds (process running for 7.547)
2025-01-15T20:43:02.712+0100 INFO               [main]                         be.pxl.services.CommentServiceApp - Starting CommentServiceApp using Java 21.0.2 with PID 26108 (C:\School\PXL\2024-2025\Fullstack Java\Opdracht\Code\project-WesleyKissenPXL\backend-java\NewsPostsSystem\comment-service\target\classes started by wesle in C:\School\PXL\2024-2025\Fullstack Java\Opdracht\Code\project-WesleyKissenPXL\backend-java\NewsPostsSystem)
2025-01-15T20:43:02.715+0100 DEBUG              [main]                         be.pxl.services.CommentServiceApp - Running with Spring Boot v3.3.5, Spring v6.1.14
2025-01-15T20:43:02.716+0100 INFO               [main]                         be.pxl.services.CommentServiceApp - No active profile set, falling back to 1 default profile: "default"
2025-01-15T20:43:07.186+0100 INFO               [main]                         be.pxl.services.CommentServiceApp - Started CommentServiceApp in 5.448 seconds (process running for 6.148)
2025-01-15T21:27:08.939+0100 INFO               [main]                         be.pxl.services.ReviewServiceApp - Starting ReviewServiceApp using Java 21.0.2 with PID 35760 (C:\School\PXL\2024-2025\Fullstack Java\Opdracht\Code\project-WesleyKissenPXL\backend-java\NewsPostsSystem\review-service\target\classes started by wesle in C:\School\PXL\2024-2025\Fullstack Java\Opdracht\Code\project-WesleyKissenPXL\backend-java\NewsPostsSystem)
2025-01-15T21:27:08.942+0100 DEBUG              [main]                         be.pxl.services.ReviewServiceApp - Running with Spring Boot v3.3.5, Spring v6.1.14
2025-01-15T21:27:08.943+0100 INFO               [main]                         be.pxl.services.ReviewServiceApp - No active profile set, falling back to 1 default profile: "default"
2025-01-15T21:27:14.045+0100 INFO               [main]                         be.pxl.services.ReviewServiceApp - Started ReviewServiceApp in 6.142 seconds (process running for 6.913)
2025-01-15T21:27:18.799+0100 INFO               [main]                         be.pxl.services.PostServiceApp - Starting PostServiceApp using Java 21.0.2 with PID 20204 (C:\School\PXL\2024-2025\Fullstack Java\Opdracht\Code\project-WesleyKissenPXL\backend-java\NewsPostsSystem\post-service\target\classes started by wesle in C:\School\PXL\2024-2025\Fullstack Java\Opdracht\Code\project-WesleyKissenPXL\backend-java\NewsPostsSystem)
2025-01-15T21:27:18.801+0100 INFO               [main]                         be.pxl.services.PostServiceApp - No active profile set, falling back to 1 default profile: "default"
2025-01-15T21:27:24.191+0100 INFO               [main]                         be.pxl.services.PostServiceApp - Started PostServiceApp in 6.434 seconds (process running for 7.337)
2025-01-15T21:27:30.770+0100 INFO               [main]                         be.pxl.services.CommentServiceApp - Starting CommentServiceApp using Java 21.0.2 with PID 37832 (C:\School\PXL\2024-2025\Fullstack Java\Opdracht\Code\project-WesleyKissenPXL\backend-java\NewsPostsSystem\comment-service\target\classes started by wesle in C:\School\PXL\2024-2025\Fullstack Java\Opdracht\Code\project-WesleyKissenPXL\backend-java\NewsPostsSystem)
2025-01-15T21:27:30.771+0100 DEBUG              [main]                         be.pxl.services.CommentServiceApp - Running with Spring Boot v3.3.5, Spring v6.1.14
2025-01-15T21:27:30.772+0100 INFO               [main]                         be.pxl.services.CommentServiceApp - No active profile set, falling back to 1 default profile: "default"
2025-01-15T21:27:35.432+0100 INFO               [main]                         be.pxl.services.CommentServiceApp - Started CommentServiceApp in 5.703 seconds (process running for 6.45)
2025-01-15T21:27:44.379+0100 INFO               [main]                         be.pxl.services.CommentServiceApp - Starting CommentServiceApp using Java 21.0.2 with PID 37156 (C:\School\PXL\2024-2025\Fullstack Java\Opdracht\Code\project-WesleyKissenPXL\backend-java\NewsPostsSystem\comment-service\target\classes started by wesle in C:\School\PXL\2024-2025\Fullstack Java\Opdracht\Code\project-WesleyKissenPXL\backend-java\NewsPostsSystem)
2025-01-15T21:27:44.380+0100 DEBUG              [main]                         be.pxl.services.CommentServiceApp - Running with Spring Boot v3.3.5, Spring v6.1.14
2025-01-15T21:27:44.381+0100 INFO               [main]                         be.pxl.services.CommentServiceApp - No active profile set, falling back to 1 default profile: "default"
2025-01-15T21:27:49.232+0100 INFO               [main]                         be.pxl.services.CommentServiceApp - Started CommentServiceApp in 5.886 seconds (process running for 6.872)
2025-01-15T21:44:05.121+0100 INFO               [main]                         be.pxl.services.ReviewServiceApp - Starting ReviewServiceApp using Java 21.0.2 with PID 28540 (C:\School\PXL\2024-2025\Fullstack Java\Opdracht\Code\project-WesleyKissenPXL\backend-java\NewsPostsSystem\review-service\target\classes started by wesle in C:\School\PXL\2024-2025\Fullstack Java\Opdracht\Code\project-WesleyKissenPXL\backend-java\NewsPostsSystem)
2025-01-15T21:44:05.122+0100 DEBUG              [main]                         be.pxl.services.ReviewServiceApp - Running with Spring Boot v3.3.5, Spring v6.1.14
2025-01-15T21:44:05.123+0100 INFO               [main]                         be.pxl.services.ReviewServiceApp - No active profile set, falling back to 1 default profile: "default"
2025-01-15T21:44:10.131+0100 INFO               [main]                         be.pxl.services.ReviewServiceApp - Started ReviewServiceApp in 6.062 seconds (process running for 6.833)
2025-01-15T21:44:14.503+0100 INFO               [main]                         be.pxl.services.PostServiceApp - Starting PostServiceApp using Java 21.0.2 with PID 36432 (C:\School\PXL\2024-2025\Fullstack Java\Opdracht\Code\project-WesleyKissenPXL\backend-java\NewsPostsSystem\post-service\target\classes started by wesle in C:\School\PXL\2024-2025\Fullstack Java\Opdracht\Code\project-WesleyKissenPXL\backend-java\NewsPostsSystem)
2025-01-15T21:44:14.505+0100 INFO               [main]                         be.pxl.services.PostServiceApp - No active profile set, falling back to 1 default profile: "default"
2025-01-15T21:44:19.719+0100 INFO               [main]                         be.pxl.services.PostServiceApp - Started PostServiceApp in 6.24 seconds (process running for 6.957)
2025-01-15T21:44:26.491+0100 INFO               [main]                         be.pxl.services.CommentServiceApp - Starting CommentServiceApp using Java 21.0.2 with PID 31728 (C:\School\PXL\2024-2025\Fullstack Java\Opdracht\Code\project-WesleyKissenPXL\backend-java\NewsPostsSystem\comment-service\target\classes started by wesle in C:\School\PXL\2024-2025\Fullstack Java\Opdracht\Code\project-WesleyKissenPXL\backend-java\NewsPostsSystem)
2025-01-15T21:44:26.492+0100 DEBUG              [main]                         be.pxl.services.CommentServiceApp - Running with Spring Boot v3.3.5, Spring v6.1.14
2025-01-15T21:44:26.493+0100 INFO               [main]                         be.pxl.services.CommentServiceApp - No active profile set, falling back to 1 default profile: "default"
2025-01-15T21:44:31.008+0100 INFO               [main]                         be.pxl.services.CommentServiceApp - Started CommentServiceApp in 5.498 seconds (process running for 6.217)
2025-01-15T21:44:39.002+0100 INFO               [main]                         be.pxl.services.CommentServiceApp - Starting CommentServiceApp using Java 21.0.2 with PID 31456 (C:\School\PXL\2024-2025\Fullstack Java\Opdracht\Code\project-WesleyKissenPXL\backend-java\NewsPostsSystem\comment-service\target\classes started by wesle in C:\School\PXL\2024-2025\Fullstack Java\Opdracht\Code\project-WesleyKissenPXL\backend-java\NewsPostsSystem)
2025-01-15T21:44:39.004+0100 DEBUG              [main]                         be.pxl.services.CommentServiceApp - Running with Spring Boot v3.3.5, Spring v6.1.14
2025-01-15T21:44:39.004+0100 INFO               [main]                         be.pxl.services.CommentServiceApp - No active profile set, falling back to 1 default profile: "default"
2025-01-15T21:44:46.862+0100 INFO               [main]                         be.pxl.services.CommentServiceApp - Started CommentServiceApp in 8.935 seconds (process running for 10.006)
2025-01-15T22:01:11.004+0100 INFO               [main]                         be.pxl.services.ReviewServiceApp - Starting ReviewServiceApp using Java 21.0.2 with PID 17712 (C:\School\PXL\2024-2025\Fullstack Java\Opdracht\Code\project-WesleyKissenPXL\backend-java\NewsPostsSystem\review-service\target\classes started by wesle in C:\School\PXL\2024-2025\Fullstack Java\Opdracht\Code\project-WesleyKissenPXL\backend-java\NewsPostsSystem)
2025-01-15T22:01:11.006+0100 DEBUG              [main]                         be.pxl.services.ReviewServiceApp - Running with Spring Boot v3.3.5, Spring v6.1.14
2025-01-15T22:01:11.007+0100 INFO               [main]                         be.pxl.services.ReviewServiceApp - No active profile set, falling back to 1 default profile: "default"
2025-01-15T22:01:16.422+0100 INFO               [main]                         be.pxl.services.ReviewServiceApp - Started ReviewServiceApp in 6.535 seconds (process running for 7.279)
2025-01-15T22:01:24.822+0100 INFO               [main]                         be.pxl.services.PostServiceApp - Starting PostServiceApp using Java 21.0.2 with PID 26924 (C:\School\PXL\2024-2025\Fullstack Java\Opdracht\Code\project-WesleyKissenPXL\backend-java\NewsPostsSystem\post-service\target\classes started by wesle in C:\School\PXL\2024-2025\Fullstack Java\Opdracht\Code\project-WesleyKissenPXL\backend-java\NewsPostsSystem)
2025-01-15T22:01:24.823+0100 INFO               [main]                         be.pxl.services.PostServiceApp - No active profile set, falling back to 1 default profile: "default"
2025-01-15T22:01:30.272+0100 INFO               [main]                         be.pxl.services.PostServiceApp - Started PostServiceApp in 6.471 seconds (process running for 7.259)
2025-01-15T22:01:41.674+0100 INFO               [main]                         be.pxl.services.CommentServiceApp - Starting CommentServiceApp using Java 21.0.2 with PID 37472 (C:\School\PXL\2024-2025\Fullstack Java\Opdracht\Code\project-WesleyKissenPXL\backend-java\NewsPostsSystem\comment-service\target\classes started by wesle in C:\School\PXL\2024-2025\Fullstack Java\Opdracht\Code\project-WesleyKissenPXL\backend-java\NewsPostsSystem)
2025-01-15T22:01:41.675+0100 DEBUG              [main]                         be.pxl.services.CommentServiceApp - Running with Spring Boot v3.3.5, Spring v6.1.14
2025-01-15T22:01:41.676+0100 INFO               [main]                         be.pxl.services.CommentServiceApp - No active profile set, falling back to 1 default profile: "default"
2025-01-15T22:01:46.249+0100 INFO               [main]                         be.pxl.services.CommentServiceApp - Started CommentServiceApp in 5.577 seconds (process running for 6.3)
2025-01-15T22:10:24.009+0100 INFO               [main]                         be.pxl.services.ReviewServiceApp - Starting ReviewServiceApp using Java 21.0.2 with PID 24308 (C:\School\PXL\2024-2025\Fullstack Java\Opdracht\Code\project-WesleyKissenPXL\backend-java\NewsPostsSystem\review-service\target\classes started by wesle in C:\School\PXL\2024-2025\Fullstack Java\Opdracht\Code\project-WesleyKissenPXL\backend-java\NewsPostsSystem)
2025-01-15T22:10:24.010+0100 DEBUG              [main]                         be.pxl.services.ReviewServiceApp - Running with Spring Boot v3.3.5, Spring v6.1.14
2025-01-15T22:10:24.011+0100 INFO               [main]                         be.pxl.services.ReviewServiceApp - No active profile set, falling back to 1 default profile: "default"
2025-01-15T22:10:28.646+0100 INFO               [main]                         be.pxl.services.ReviewServiceApp - Started ReviewServiceApp in 5.596 seconds (process running for 6.321)
2025-01-15T22:10:33.522+0100 INFO               [main]                         be.pxl.services.PostServiceApp - Starting PostServiceApp using Java 21.0.2 with PID 37532 (C:\School\PXL\2024-2025\Fullstack Java\Opdracht\Code\project-WesleyKissenPXL\backend-java\NewsPostsSystem\post-service\target\classes started by wesle in C:\School\PXL\2024-2025\Fullstack Java\Opdracht\Code\project-WesleyKissenPXL\backend-java\NewsPostsSystem)
2025-01-15T22:10:33.524+0100 INFO               [main]                         be.pxl.services.PostServiceApp - No active profile set, falling back to 1 default profile: "default"
2025-01-15T22:10:38.895+0100 INFO               [main]                         be.pxl.services.PostServiceApp - Started PostServiceApp in 6.419 seconds (process running for 7.25)
2025-01-15T22:10:45.842+0100 INFO               [main]                         be.pxl.services.CommentServiceApp - Starting CommentServiceApp using Java 21.0.2 with PID 27196 (C:\School\PXL\2024-2025\Fullstack Java\Opdracht\Code\project-WesleyKissenPXL\backend-java\NewsPostsSystem\comment-service\target\classes started by wesle in C:\School\PXL\2024-2025\Fullstack Java\Opdracht\Code\project-WesleyKissenPXL\backend-java\NewsPostsSystem)
2025-01-15T22:10:45.843+0100 DEBUG              [main]                         be.pxl.services.CommentServiceApp - Running with Spring Boot v3.3.5, Spring v6.1.14
2025-01-15T22:10:45.844+0100 INFO               [main]                         be.pxl.services.CommentServiceApp - No active profile set, falling back to 1 default profile: "default"
2025-01-15T22:10:50.325+0100 INFO               [main]                         be.pxl.services.CommentServiceApp - Started CommentServiceApp in 5.459 seconds (process running for 6.209)
